Start testing: Nov 23 19:25 CST
----------------------------------------------------------
1/39 Testing: compile with bug-checkers
1/39 Test: compile with bug-checkers
Command: "/usr/bin/cmake" "--build" "/home/oldking/CS144-2024-winter-backup/build_check3_2" "-t" "functionality_testing" "webget"
Directory: /home/oldking/CS144-2024-winter-backup/build_check3_2
"compile with bug-checkers" start time: Nov 23 19:25 CST
Output:
----------------------------------------------------------
make[4]: warning: -j2 forced in submake: resetting jobserver mode.
[  6%] Built target minnow_testing_debug
[  5%] Built target util_debug
[  6%] [32mBuilding CXX object src/CMakeFiles/minnow_debug.dir/tcp_sender.cc.o[0m
[  8%] Built target minnow_testing_sanitized
[ 13%] Built target util_sanitized
[ 15%] [32mBuilding CXX object src/CMakeFiles/minnow_sanitized.dir/tcp_sender.cc.o[0m
[ 15%] [32m[1mLinking CXX static library libminnow_debug.a[0m
[ 18%] Built target minnow_debug
[ 19%] [32mBuilding CXX object tests/CMakeFiles/send_extra.dir/send_extra.cc.o[0m
[ 20%] [32m[1mLinking CXX static library libminnow_sanitized.a[0m
[ 23%] Built target minnow_sanitized
[ 24%] [32m[1mLinking CXX executable byte_stream_basics[0m
[ 24%] Built target byte_stream_basics
[ 25%] [32m[1mLinking CXX executable byte_stream_capacity_sanitized[0m
[ 25%] Built target byte_stream_capacity_sanitized
[ 26%] [32m[1mLinking CXX executable byte_stream_capacity[0m
[ 26%] Built target byte_stream_capacity
[ 27%] [32m[1mLinking CXX executable byte_stream_one_write_sanitized[0m
[ 27%] Built target byte_stream_one_write_sanitized
[ 29%] [32m[1mLinking CXX executable byte_stream_one_write[0m
[ 29%] Built target byte_stream_one_write
[ 29%] [32m[1mLinking CXX executable byte_stream_two_writes_sanitized[0m
[ 30%] Built target byte_stream_two_writes_sanitized
[ 30%] [32m[1mLinking CXX executable byte_stream_two_writes[0m
[ 31%] Built target byte_stream_two_writes
[ 32%] [32m[1mLinking CXX executable byte_stream_many_writes_sanitized[0m
[ 32%] Built target byte_stream_many_writes_sanitized
[ 33%] [32m[1mLinking CXX executable byte_stream_many_writes[0m
[ 33%] Built target byte_stream_many_writes
[ 34%] [32m[1mLinking CXX executable byte_stream_stress_test_sanitized[0m
[ 34%] Built target byte_stream_stress_test_sanitized
[ 36%] [32m[1mLinking CXX executable byte_stream_stress_test[0m
[ 36%] Built target byte_stream_stress_test
[ 36%] [32m[1mLinking CXX executable send_extra[0m
[ 36%] [32m[1mLinking CXX executable reassembler_single_sanitized[0m
[ 36%] Built target send_extra
[ 36%] [32m[1mLinking CXX executable reassembler_single[0m
[ 37%] Built target reassembler_single_sanitized
[ 38%] [32m[1mLinking CXX executable reassembler_cap_sanitized[0m
[ 39%] Built target reassembler_single
[ 40%] [32m[1mLinking CXX executable reassembler_cap[0m
[ 40%] Built target reassembler_cap_sanitized
[ 40%] [32m[1mLinking CXX executable reassembler_seq_sanitized[0m
[ 40%] Built target reassembler_cap
[ 40%] [32m[1mLinking CXX executable reassembler_seq[0m
[ 41%] Built target reassembler_seq_sanitized
[ 43%] [32m[1mLinking CXX executable reassembler_dup_sanitized[0m
[ 44%] Built target reassembler_seq
[ 45%] [32m[1mLinking CXX executable reassembler_dup[0m
[ 45%] Built target reassembler_dup_sanitized
[ 46%] [32m[1mLinking CXX executable reassembler_holes_sanitized[0m
[ 46%] Built target reassembler_dup
[ 47%] [32m[1mLinking CXX executable reassembler_holes[0m
[ 47%] Built target reassembler_holes_sanitized
[ 47%] [32m[1mLinking CXX executable reassembler_overlapping_sanitized[0m
[ 47%] Built target reassembler_holes
[ 47%] [32m[1mLinking CXX executable reassembler_overlapping[0m
[ 48%] Built target reassembler_overlapping_sanitized
[ 48%] [32m[1mLinking CXX executable reassembler_win_sanitized[0m
[ 50%] Built target reassembler_overlapping
[ 50%] [32m[1mLinking CXX executable reassembler_win[0m
[ 51%] Built target reassembler_win_sanitized
[ 52%] Built target reassembler_win
[ 52%] [32m[1mLinking CXX executable wrapping_integers_cmp_sanitized[0m
[ 52%] [32m[1mLinking CXX executable wrapping_integers_cmp[0m
[ 53%] Built target wrapping_integers_cmp_sanitized
[ 54%] Built target wrapping_integers_cmp
[ 55%] [32m[1mLinking CXX executable wrapping_integers_wrap_sanitized[0m
[ 55%] [32m[1mLinking CXX executable wrapping_integers_wrap[0m
[ 56%] Built target wrapping_integers_wrap
[ 58%] Built target wrapping_integers_wrap_sanitized
[ 58%] [32m[1mLinking CXX executable wrapping_integers_unwrap_sanitized[0m
[ 58%] [32m[1mLinking CXX executable wrapping_integers_unwrap[0m
[ 59%] Built target wrapping_integers_unwrap
[ 59%] [32m[1mLinking CXX executable wrapping_integers_roundtrip_sanitized[0m
[ 60%] Built target wrapping_integers_unwrap_sanitized
[ 60%] [32m[1mLinking CXX executable wrapping_integers_roundtrip[0m
[ 61%] Built target wrapping_integers_roundtrip_sanitized
[ 61%] [32m[1mLinking CXX executable wrapping_integers_extra_sanitized[0m
[ 62%] Built target wrapping_integers_roundtrip
[ 62%] [32m[1mLinking CXX executable wrapping_integers_extra[0m
[ 63%] Built target wrapping_integers_extra_sanitized
[ 65%] [32m[1mLinking CXX executable recv_connect_sanitized[0m
[ 66%] Built target wrapping_integers_extra
[ 67%] [32m[1mLinking CXX executable recv_connect[0m
[ 67%] Built target recv_connect_sanitized
[ 68%] [32m[1mLinking CXX executable recv_transmit_sanitized[0m
[ 68%] Built target recv_connect
[ 69%] [32m[1mLinking CXX executable recv_transmit[0m
[ 69%] Built target recv_transmit_sanitized
[ 69%] [32m[1mLinking CXX executable recv_window_sanitized[0m
[ 69%] Built target recv_transmit
[ 69%] [32m[1mLinking CXX executable recv_window[0m
[ 70%] Built target recv_window_sanitized
[ 72%] [32m[1mLinking CXX executable recv_reorder_sanitized[0m
[ 73%] Built target recv_window
[ 74%] [32m[1mLinking CXX executable recv_reorder[0m
[ 74%] Built target recv_reorder_sanitized
[ 74%] Built target recv_reorder
[ 75%] [32m[1mLinking CXX executable recv_reorder_more_sanitized[0m
[ 76%] [32m[1mLinking CXX executable recv_reorder_more[0m
[ 76%] Built target recv_reorder_more
[ 76%] Built target recv_reorder_more_sanitized
[ 77%] [32m[1mLinking CXX executable recv_close_sanitized[0m
[ 77%] [32m[1mLinking CXX executable recv_close[0m
[ 79%] Built target recv_close
[ 80%] [32m[1mLinking CXX executable recv_special_sanitized[0m
[ 81%] Built target recv_close_sanitized
[ 82%] [32m[1mLinking CXX executable recv_special[0m
[ 82%] Built target recv_special_sanitized
[ 83%] [32mBuilding CXX object tests/CMakeFiles/send_connect_sanitized.dir/send_connect.cc.o[0m
[ 83%] Built target recv_special
[ 84%] [32mBuilding CXX object tests/CMakeFiles/send_connect.dir/send_connect.cc.o[0m
[ 84%] [32m[1mLinking CXX executable send_connect[0m
[ 84%] Built target send_connect
[ 84%] [32mBuilding CXX object tests/CMakeFiles/send_transmit_sanitized.dir/send_transmit.cc.o[0m
[ 84%] [32m[1mLinking CXX executable send_connect_sanitized[0m
[ 84%] Built target send_connect_sanitized
[ 84%] [32mBuilding CXX object tests/CMakeFiles/send_transmit.dir/send_transmit.cc.o[0m
[ 86%] [32m[1mLinking CXX executable send_transmit[0m
[ 86%] Built target send_transmit
[ 86%] [32mBuilding CXX object tests/CMakeFiles/send_retx_sanitized.dir/send_retx.cc.o[0m
[ 87%] [32m[1mLinking CXX executable send_transmit_sanitized[0m
[ 87%] Built target send_transmit_sanitized
[ 88%] [32mBuilding CXX object tests/CMakeFiles/send_retx.dir/send_retx.cc.o[0m
[ 89%] [32m[1mLinking CXX executable send_retx[0m
[ 89%] Built target send_retx
[ 89%] [32mBuilding CXX object tests/CMakeFiles/send_window_sanitized.dir/send_window.cc.o[0m
[ 90%] [32m[1mLinking CXX executable send_retx_sanitized[0m
[ 90%] Built target send_retx_sanitized
[ 90%] [32mBuilding CXX object tests/CMakeFiles/send_window.dir/send_window.cc.o[0m
[ 91%] [32m[1mLinking CXX executable send_window[0m
[ 93%] [32m[1mLinking CXX executable send_window_sanitized[0m
[ 93%] Built target send_window
[ 94%] [32mBuilding CXX object tests/CMakeFiles/send_ack_sanitized.dir/send_ack.cc.o[0m
[ 94%] Built target send_window_sanitized
[ 95%] [32mBuilding CXX object tests/CMakeFiles/send_ack.dir/send_ack.cc.o[0m
[ 95%] [32m[1mLinking CXX executable send_ack[0m
[ 95%] Built target send_ack
[ 96%] [32mBuilding CXX object tests/CMakeFiles/send_close_sanitized.dir/send_close.cc.o[0m
[ 96%] [32m[1mLinking CXX executable send_ack_sanitized[0m
[ 96%] Built target send_ack_sanitized
[ 97%] [32mBuilding CXX object tests/CMakeFiles/send_close.dir/send_close.cc.o[0m
[ 97%] [32m[1mLinking CXX executable send_close[0m
[ 97%] Built target send_close
[ 98%] [32mBuilding CXX object tests/CMakeFiles/send_extra_sanitized.dir/send_extra.cc.o[0m
[ 98%] [32m[1mLinking CXX executable send_close_sanitized[0m
[ 98%] Built target send_close_sanitized
[100%] [32m[1mLinking CXX executable byte_stream_basics_sanitized[0m
[100%] Built target byte_stream_basics_sanitized
[100%] [32m[1mLinking CXX executable send_extra_sanitized[0m
[100%] Built target send_extra_sanitized
[100%] Built target functionality_testing
[ 10%] Built target stream_copy
[ 60%] Built target util_debug
[ 90%] Built target minnow_debug
[ 90%] [32m[1mLinking CXX executable webget[0m
[100%] Built target webget
<end of output>
Test time =  95.89 sec
----------------------------------------------------------
Test Passed.
"compile with bug-checkers" end time: Nov 23 19:26 CST
"compile with bug-checkers" time elapsed: 00:01:35
----------------------------------------------------------

3/39 Testing: byte_stream_basics
3/39 Test: byte_stream_basics
Command: "/home/oldking/CS144-2024-winter-backup/build_check3_2/tests/byte_stream_basics_sanitized"
Directory: /home/oldking/CS144-2024-winter-backup/build_check3_2
"byte_stream_basics" start time: Nov 23 19:26 CST
Output:
----------------------------------------------------------
<end of output>
Test time =   0.04 sec
----------------------------------------------------------
Test Passed.
"byte_stream_basics" end time: Nov 23 19:26 CST
"byte_stream_basics" time elapsed: 00:00:00
----------------------------------------------------------

4/39 Testing: byte_stream_capacity
4/39 Test: byte_stream_capacity
Command: "/home/oldking/CS144-2024-winter-backup/build_check3_2/tests/byte_stream_capacity_sanitized"
Directory: /home/oldking/CS144-2024-winter-backup/build_check3_2
"byte_stream_capacity" start time: Nov 23 19:26 CST
Output:
----------------------------------------------------------
<end of output>
Test time =   0.04 sec
----------------------------------------------------------
Test Passed.
"byte_stream_capacity" end time: Nov 23 19:26 CST
"byte_stream_capacity" time elapsed: 00:00:00
----------------------------------------------------------

5/39 Testing: byte_stream_one_write
5/39 Test: byte_stream_one_write
Command: "/home/oldking/CS144-2024-winter-backup/build_check3_2/tests/byte_stream_one_write_sanitized"
Directory: /home/oldking/CS144-2024-winter-backup/build_check3_2
"byte_stream_one_write" start time: Nov 23 19:26 CST
Output:
----------------------------------------------------------
<end of output>
Test time =   0.04 sec
----------------------------------------------------------
Test Passed.
"byte_stream_one_write" end time: Nov 23 19:26 CST
"byte_stream_one_write" time elapsed: 00:00:00
----------------------------------------------------------

6/39 Testing: byte_stream_two_writes
6/39 Test: byte_stream_two_writes
Command: "/home/oldking/CS144-2024-winter-backup/build_check3_2/tests/byte_stream_two_writes_sanitized"
Directory: /home/oldking/CS144-2024-winter-backup/build_check3_2
"byte_stream_two_writes" start time: Nov 23 19:26 CST
Output:
----------------------------------------------------------
<end of output>
Test time =   0.04 sec
----------------------------------------------------------
Test Passed.
"byte_stream_two_writes" end time: Nov 23 19:26 CST
"byte_stream_two_writes" time elapsed: 00:00:00
----------------------------------------------------------

7/39 Testing: byte_stream_many_writes
7/39 Test: byte_stream_many_writes
Command: "/home/oldking/CS144-2024-winter-backup/build_check3_2/tests/byte_stream_many_writes_sanitized"
Directory: /home/oldking/CS144-2024-winter-backup/build_check3_2
"byte_stream_many_writes" start time: Nov 23 19:26 CST
Output:
----------------------------------------------------------
<end of output>
Test time =   0.13 sec
----------------------------------------------------------
Test Passed.
"byte_stream_many_writes" end time: Nov 23 19:26 CST
"byte_stream_many_writes" time elapsed: 00:00:00
----------------------------------------------------------

8/39 Testing: byte_stream_stress_test
8/39 Test: byte_stream_stress_test
Command: "/home/oldking/CS144-2024-winter-backup/build_check3_2/tests/byte_stream_stress_test_sanitized"
Directory: /home/oldking/CS144-2024-winter-backup/build_check3_2
"byte_stream_stress_test" start time: Nov 23 19:26 CST
Output:
----------------------------------------------------------
<end of output>
Test time =   0.06 sec
----------------------------------------------------------
Test Passed.
"byte_stream_stress_test" end time: Nov 23 19:26 CST
"byte_stream_stress_test" time elapsed: 00:00:00
----------------------------------------------------------

9/39 Testing: reassembler_single
9/39 Test: reassembler_single
Command: "/home/oldking/CS144-2024-winter-backup/build_check3_2/tests/reassembler_single_sanitized"
Directory: /home/oldking/CS144-2024-winter-backup/build_check3_2
"reassembler_single" start time: Nov 23 19:26 CST
Output:
----------------------------------------------------------







<end of output>
Test time =   0.04 sec
----------------------------------------------------------
Test Passed.
"reassembler_single" end time: Nov 23 19:26 CST
"reassembler_single" time elapsed: 00:00:00
----------------------------------------------------------

10/39 Testing: reassembler_cap
10/39 Test: reassembler_cap
Command: "/home/oldking/CS144-2024-winter-backup/build_check3_2/tests/reassembler_cap_sanitized"
Directory: /home/oldking/CS144-2024-winter-backup/build_check3_2
"reassembler_cap" start time: Nov 23 19:26 CST
Output:
----------------------------------------------------------





















<end of output>
Test time =   0.04 sec
----------------------------------------------------------
Test Passed.
"reassembler_cap" end time: Nov 23 19:26 CST
"reassembler_cap" time elapsed: 00:00:00
----------------------------------------------------------

11/39 Testing: reassembler_seq
11/39 Test: reassembler_seq
Command: "/home/oldking/CS144-2024-winter-backup/build_check3_2/tests/reassembler_seq_sanitized"
Directory: /home/oldking/CS144-2024-winter-backup/build_check3_2
"reassembler_seq" start time: Nov 23 19:26 CST
Output:
----------------------------------------------------------














































































































































































































<end of output>
Test time =   0.09 sec
----------------------------------------------------------
Test Passed.
"reassembler_seq" end time: Nov 23 19:26 CST
"reassembler_seq" time elapsed: 00:00:00
----------------------------------------------------------

12/39 Testing: reassembler_dup
12/39 Test: reassembler_dup
Command: "/home/oldking/CS144-2024-winter-backup/build_check3_2/tests/reassembler_dup_sanitized"
Directory: /home/oldking/CS144-2024-winter-backup/build_check3_2
"reassembler_dup" start time: Nov 23 19:26 CST
Output:
----------------------------------------------------------































































































<end of output>
Test time =   0.10 sec
----------------------------------------------------------
Test Passed.
"reassembler_dup" end time: Nov 23 19:26 CST
"reassembler_dup" time elapsed: 00:00:00
----------------------------------------------------------

13/39 Testing: reassembler_holes
13/39 Test: reassembler_holes
Command: "/home/oldking/CS144-2024-winter-backup/build_check3_2/tests/reassembler_holes_sanitized"
Directory: /home/oldking/CS144-2024-winter-backup/build_check3_2
"reassembler_holes" start time: Nov 23 19:26 CST
Output:
----------------------------------------------------------








<end of output>
Test time =   0.03 sec
----------------------------------------------------------
Test Passed.
"reassembler_holes" end time: Nov 23 19:26 CST
"reassembler_holes" time elapsed: 00:00:00
----------------------------------------------------------

14/39 Testing: reassembler_overlapping
14/39 Test: reassembler_overlapping
Command: "/home/oldking/CS144-2024-winter-backup/build_check3_2/tests/reassembler_overlapping_sanitized"
Directory: /home/oldking/CS144-2024-winter-backup/build_check3_2
"reassembler_overlapping" start time: Nov 23 19:26 CST
Output:
----------------------------------------------------------



















<end of output>
Test time =   0.05 sec
----------------------------------------------------------
Test Passed.
"reassembler_overlapping" end time: Nov 23 19:26 CST
"reassembler_overlapping" time elapsed: 00:00:00
----------------------------------------------------------

15/39 Testing: reassembler_win
15/39 Test: reassembler_win
Command: "/home/oldking/CS144-2024-winter-backup/build_check3_2/tests/reassembler_win_sanitized"
Directory: /home/oldking/CS144-2024-winter-backup/build_check3_2
"reassembler_win" start time: Nov 23 19:26 CST
Output:
----------------------------------------------------------

























































































































































































































































































































































































































































































































































































































































































































































































































































































































































































































































































































































































































































































































































































































































































































































































































































































































































































































































































































































































































































































































































































































































































































































































































































































































































































<end of output>
Test time =   2.19 sec
----------------------------------------------------------
Test Passed.
"reassembler_win" end time: Nov 23 19:26 CST
"reassembler_win" time elapsed: 00:00:02
----------------------------------------------------------

16/39 Testing: wrapping_integers_cmp
16/39 Test: wrapping_integers_cmp
Command: "/home/oldking/CS144-2024-winter-backup/build_check3_2/tests/wrapping_integers_cmp_sanitized"
Directory: /home/oldking/CS144-2024-winter-backup/build_check3_2
"wrapping_integers_cmp" start time: Nov 23 19:26 CST
Output:
----------------------------------------------------------
<end of output>
Test time =   0.04 sec
----------------------------------------------------------
Test Passed.
"wrapping_integers_cmp" end time: Nov 23 19:26 CST
"wrapping_integers_cmp" time elapsed: 00:00:00
----------------------------------------------------------

17/39 Testing: wrapping_integers_wrap
17/39 Test: wrapping_integers_wrap
Command: "/home/oldking/CS144-2024-winter-backup/build_check3_2/tests/wrapping_integers_wrap_sanitized"
Directory: /home/oldking/CS144-2024-winter-backup/build_check3_2
"wrapping_integers_wrap" start time: Nov 23 19:26 CST
Output:
----------------------------------------------------------
<end of output>
Test time =   0.02 sec
----------------------------------------------------------
Test Passed.
"wrapping_integers_wrap" end time: Nov 23 19:26 CST
"wrapping_integers_wrap" time elapsed: 00:00:00
----------------------------------------------------------

18/39 Testing: wrapping_integers_unwrap
18/39 Test: wrapping_integers_unwrap
Command: "/home/oldking/CS144-2024-winter-backup/build_check3_2/tests/wrapping_integers_unwrap_sanitized"
Directory: /home/oldking/CS144-2024-winter-backup/build_check3_2
"wrapping_integers_unwrap" start time: Nov 23 19:26 CST
Output:
----------------------------------------------------------
<end of output>
Test time =   0.02 sec
----------------------------------------------------------
Test Passed.
"wrapping_integers_unwrap" end time: Nov 23 19:26 CST
"wrapping_integers_unwrap" time elapsed: 00:00:00
----------------------------------------------------------

19/39 Testing: wrapping_integers_roundtrip
19/39 Test: wrapping_integers_roundtrip
Command: "/home/oldking/CS144-2024-winter-backup/build_check3_2/tests/wrapping_integers_roundtrip_sanitized"
Directory: /home/oldking/CS144-2024-winter-backup/build_check3_2
"wrapping_integers_roundtrip" start time: Nov 23 19:26 CST
Output:
----------------------------------------------------------
<end of output>
Test time =   3.17 sec
----------------------------------------------------------
Test Passed.
"wrapping_integers_roundtrip" end time: Nov 23 19:26 CST
"wrapping_integers_roundtrip" time elapsed: 00:00:03
----------------------------------------------------------

20/39 Testing: wrapping_integers_extra
20/39 Test: wrapping_integers_extra
Command: "/home/oldking/CS144-2024-winter-backup/build_check3_2/tests/wrapping_integers_extra_sanitized"
Directory: /home/oldking/CS144-2024-winter-backup/build_check3_2
"wrapping_integers_extra" start time: Nov 23 19:26 CST
Output:
----------------------------------------------------------
<end of output>
Test time =   0.70 sec
----------------------------------------------------------
Test Passed.
"wrapping_integers_extra" end time: Nov 23 19:26 CST
"wrapping_integers_extra" time elapsed: 00:00:00
----------------------------------------------------------

21/39 Testing: recv_connect
21/39 Test: recv_connect
Command: "/home/oldking/CS144-2024-winter-backup/build_check3_2/tests/recv_connect_sanitized"
Directory: /home/oldking/CS144-2024-winter-backup/build_check3_2
"recv_connect" start time: Nov 23 19:26 CST
Output:
----------------------------------------------------------



<end of output>
Test time =   0.03 sec
----------------------------------------------------------
Test Passed.
"recv_connect" end time: Nov 23 19:26 CST
"recv_connect" time elapsed: 00:00:00
----------------------------------------------------------

22/39 Testing: recv_transmit
22/39 Test: recv_transmit
Command: "/home/oldking/CS144-2024-winter-backup/build_check3_2/tests/recv_transmit_sanitized"
Directory: /home/oldking/CS144-2024-winter-backup/build_check3_2
"recv_transmit" start time: Nov 23 19:26 CST
Output:
----------------------------------------------------------






























































































































































































































































































































































































































































































































































































































































































































































































































































































































































































































































































































































































































































































































































































































































































































































































































































































































































































































































































































































































































































































































































































































































































































































































































































































































































































































































































































































































































































































































































































































































































































































































































































































































































































































































































































































































































































































































































































































































































































































































































































































































































































































































































































































































































































































































































































































































































































































































































































































































































































































































































































































































































































































































































































































































































































































































































































































































































































































































































































































































































































































































































































































































































































































































































































































































































































































































































































































































































































































































































































































































































































































































































































































































































































































































































































































































































































































































































































































































































































































































































































































































































































































































































































































































































































































































































































































































































































































































































































































































































































































































































































































































































































































































































































































































































































































































































































































































































































































































































































































































































































































































































































































































































































































































































































































































<end of output>
Test time =   0.97 sec
----------------------------------------------------------
Test Passed.
"recv_transmit" end time: Nov 23 19:26 CST
"recv_transmit" time elapsed: 00:00:00
----------------------------------------------------------

23/39 Testing: recv_window
23/39 Test: recv_window
Command: "/home/oldking/CS144-2024-winter-backup/build_check3_2/tests/recv_window_sanitized"
Directory: /home/oldking/CS144-2024-winter-backup/build_check3_2
"recv_window" start time: Nov 23 19:26 CST
Output:
----------------------------------------------------------




















<end of output>
Test time =   0.03 sec
----------------------------------------------------------
Test Passed.
"recv_window" end time: Nov 23 19:26 CST
"recv_window" time elapsed: 00:00:00
----------------------------------------------------------

24/39 Testing: recv_reorder
24/39 Test: recv_reorder
Command: "/home/oldking/CS144-2024-winter-backup/build_check3_2/tests/recv_reorder_sanitized"
Directory: /home/oldking/CS144-2024-winter-backup/build_check3_2
"recv_reorder" start time: Nov 23 19:26 CST
Output:
----------------------------------------------------------









<end of output>
Test time =   0.05 sec
----------------------------------------------------------
Test Passed.
"recv_reorder" end time: Nov 23 19:26 CST
"recv_reorder" time elapsed: 00:00:00
----------------------------------------------------------

25/39 Testing: recv_reorder_more
25/39 Test: recv_reorder_more
Command: "/home/oldking/CS144-2024-winter-backup/build_check3_2/tests/recv_reorder_more_sanitized"
Directory: /home/oldking/CS144-2024-winter-backup/build_check3_2
"recv_reorder_more" start time: Nov 23 19:26 CST
Output:
----------------------------------------------------------




















































































































































































































































































































































































































































































































































<end of output>
Test time =   3.39 sec
----------------------------------------------------------
Test Passed.
"recv_reorder_more" end time: Nov 23 19:26 CST
"recv_reorder_more" time elapsed: 00:00:03
----------------------------------------------------------

26/39 Testing: recv_close
26/39 Test: recv_close
Command: "/home/oldking/CS144-2024-winter-backup/build_check3_2/tests/recv_close_sanitized"
Directory: /home/oldking/CS144-2024-winter-backup/build_check3_2
"recv_close" start time: Nov 23 19:26 CST
Output:
----------------------------------------------------------




<end of output>
Test time =   0.04 sec
----------------------------------------------------------
Test Passed.
"recv_close" end time: Nov 23 19:26 CST
"recv_close" time elapsed: 00:00:00
----------------------------------------------------------

27/39 Testing: recv_special
27/39 Test: recv_special
Command: "/home/oldking/CS144-2024-winter-backup/build_check3_2/tests/recv_special_sanitized"
Directory: /home/oldking/CS144-2024-winter-backup/build_check3_2
"recv_special" start time: Nov 23 19:26 CST
Output:
----------------------------------------------------------






























<end of output>
Test time =   0.06 sec
----------------------------------------------------------
Test Passed.
"recv_special" end time: Nov 23 19:26 CST
"recv_special" time elapsed: 00:00:00
----------------------------------------------------------

28/39 Testing: send_connect
28/39 Test: send_connect
Command: "/home/oldking/CS144-2024-winter-backup/build_check3_2/tests/send_connect_sanitized"
Directory: /home/oldking/CS144-2024-winter-backup/build_check3_2
"send_connect" start time: Nov 23 19:26 CST
Output:
----------------------------------------------------------
=================================================================
==3640060==ERROR: AddressSanitizer: stack-use-after-return on address 0x7e6e3d40c1d8 at pc 0x5d13b9df8075 bp 0x7fff6d144010 sp 0x7fff6d144000
READ of size 8 at 0x7e6e3d40c1d8 thread T0
    #0 0x5d13b9df8074 in RetransmissionTimer::is_timeout() const /home/oldking/CS144-2024-winter-backup/src/tcp_sender.cc:10
    #1 0x5d13b9dfb9ad in TCPSender::tick(unsigned long, std::function<void (TCPSenderMessage const&)> const&) /home/oldking/CS144-2024-winter-backup/src/tcp_sender.cc:125
    #2 0x5d13b9dba63c in Tick::execute(SenderAndOutput&) const (/home/oldking/CS144-2024-winter-backup/build_check3_2/tests/send_connect_sanitized+0xcb63c) (BuildId: a8cfb72e9776456919b87dd8343f2164338e3c4c)
    #3 0x5d13b9dd2c47 in TestHarness<SenderAndOutput>::execute(TestStep<SenderAndOutput> const&) (/home/oldking/CS144-2024-winter-backup/build_check3_2/tests/send_connect_sanitized+0xe3c47) (BuildId: a8cfb72e9776456919b87dd8343f2164338e3c4c)
    #4 0x5d13b9dad736 in main /home/oldking/CS144-2024-winter-backup/tests/send_connect.cc:78
    #5 0x7e6e3f22a1c9 in __libc_start_call_main ../sysdeps/nptl/libc_start_call_main.h:58
    #6 0x7e6e3f22a28a in __libc_start_main_impl ../csu/libc-start.c:360
    #7 0x5d13b9da8b84 in _start (/home/oldking/CS144-2024-winter-backup/build_check3_2/tests/send_connect_sanitized+0xb9b84) (BuildId: a8cfb72e9776456919b87dd8343f2164338e3c4c)

Address 0x7e6e3d40c1d8 is located in stack of thread T0 at offset 472 in frame
    #0 0x5d13b9dc43bb in TCPSenderTestHarness::TCPSenderTestHarness(std::__cxx11::basic_string<char, std::char_traits<char>, std::allocator<char> >, TCPConfig) (/home/oldking/CS144-2024-winter-backup/build_check3_2/tests/send_connect_sanitized+0xd53bb) (BuildId: a8cfb72e9776456919b87dd8343f2164338e3c4c)

  This frame has 6 object(s):
    [48, 80) 'config' (line 359)
    [112, 144) '<unknown>'
    [176, 208) '<unknown>'
    [240, 272) '<unknown>'
    [304, 368) '<unknown>'
    [400, 704) '<unknown>' <== Memory access at offset 472 is inside this variable
HINT: this may be a false positive if your program uses some custom stack unwind mechanism, swapcontext or vfork
      (longjmp and C++ exceptions *are* supported)
SUMMARY: AddressSanitizer: stack-use-after-return /home/oldking/CS144-2024-winter-backup/src/tcp_sender.cc:10 in RetransmissionTimer::is_timeout() const
Shadow bytes around the buggy address:
  0x7e6e3d40bf00: 00 00 00 00 00 00 00 00 00 00 00 00 00 00 00 00
  0x7e6e3d40bf80: 00 00 00 00 00 00 00 00 00 00 00 00 00 00 00 00
  0x7e6e3d40c000: f5 f5 f5 f5 f5 f5 f5 f5 f5 f5 f5 f5 f5 f5 f5 f5
  0x7e6e3d40c080: f5 f5 f5 f5 f5 f5 f5 f5 f5 f5 f5 f5 f5 f5 f5 f5
  0x7e6e3d40c100: f5 f5 f5 f5 f5 f5 f5 f5 f5 f5 f5 f5 f5 f5 f5 f5
=>0x7e6e3d40c180: f5 f5 f5 f5 f5 f5 f5 f5 f5 f5 f5[f5]f5 f5 f5 f5
  0x7e6e3d40c200: f5 f5 f5 f5 f5 f5 f5 f5 f5 f5 f5 f5 f5 f5 f5 f5
  0x7e6e3d40c280: f5 f5 f5 f5 f5 f5 f5 f5 f5 f5 f5 f5 f5 f5 f5 f5
  0x7e6e3d40c300: 00 00 00 00 00 00 00 00 00 00 00 00 00 00 00 00
  0x7e6e3d40c380: 00 00 00 00 00 00 00 00 00 00 00 00 00 00 00 00
  0x7e6e3d40c400: f5 f5 f5 f5 f5 f5 f5 f5 f5 f5 f5 f5 f5 f5 f5 f5
Shadow byte legend (one shadow byte represents 8 application bytes):
  Addressable:           00
  Partially addressable: 01 02 03 04 05 06 07 
  Heap left redzone:       fa
  Freed heap region:       fd
  Stack left redzone:      f1
  Stack mid redzone:       f2
  Stack right redzone:     f3
  Stack after return:      f5
  Stack use after scope:   f8
  Global redzone:          f9
  Global init order:       f6
  Poisoned by user:        f7
  Container overflow:      fc
  Array cookie:            ac
  Intra object redzone:    bb
  ASan internal:           fe
  Left alloca redzone:     ca
  Right alloca redzone:    cb
==3640060==ABORTING
<end of output>
Test time =   0.25 sec
----------------------------------------------------------
Test Failed.
"send_connect" end time: Nov 23 19:26 CST
"send_connect" time elapsed: 00:00:00
----------------------------------------------------------

End testing: Nov 23 19:26 CST
