Start testing: Nov 24 17:50 CST
----------------------------------------------------------
1/39 Testing: compile with bug-checkers
1/39 Test: compile with bug-checkers
Command: "/usr/bin/cmake" "--build" "/home/oldking/CS144-2024-winter-backup/build_check3_2" "-t" "functionality_testing" "webget"
Directory: /home/oldking/CS144-2024-winter-backup/build_check3_2
"compile with bug-checkers" start time: Nov 24 17:50 CST
Output:
----------------------------------------------------------
make[4]: warning: -j2 forced in submake: resetting jobserver mode.
[  1%] Built target minnow_testing_debug
[  6%] Built target util_debug
[  8%] Built target minnow_testing_sanitized
[  8%] [32mBuilding CXX object src/CMakeFiles/minnow_debug.dir/tcp_sender.cc.o[0m
[ 13%] Built target util_sanitized
[ 15%] [32mBuilding CXX object src/CMakeFiles/minnow_sanitized.dir/tcp_sender.cc.o[0m
[ 15%] [32m[1mLinking CXX static library libminnow_debug.a[0m
[ 18%] Built target minnow_debug
[ 18%] [32m[1mLinking CXX executable send_extra[0m
[ 19%] Built target send_extra
[ 20%] [32m[1mLinking CXX executable byte_stream_basics[0m
[ 20%] Built target byte_stream_basics
[ 22%] [32m[1mLinking CXX executable byte_stream_capacity[0m
[ 23%] [32m[1mLinking CXX static library libminnow_sanitized.a[0m
[ 23%] Built target byte_stream_capacity
[ 24%] [32m[1mLinking CXX executable byte_stream_one_write[0m
[ 26%] Built target minnow_sanitized
[ 26%] [32m[1mLinking CXX executable byte_stream_two_writes[0m
[ 26%] Built target byte_stream_one_write
[ 27%] [32m[1mLinking CXX executable byte_stream_many_writes_sanitized[0m
[ 29%] Built target byte_stream_two_writes
[ 30%] [32m[1mLinking CXX executable byte_stream_many_writes[0m
[ 30%] Built target byte_stream_many_writes_sanitized
[ 31%] [32m[1mLinking CXX executable byte_stream_stress_test_sanitized[0m
[ 31%] Built target byte_stream_many_writes
[ 32%] [32m[1mLinking CXX executable byte_stream_stress_test[0m
[ 32%] Built target byte_stream_stress_test_sanitized
[ 32%] Built target byte_stream_stress_test
[ 32%] [32m[1mLinking CXX executable reassembler_single_sanitized[0m
[ 32%] [32m[1mLinking CXX executable reassembler_single[0m
[ 33%] Built target reassembler_single
[ 34%] [32m[1mLinking CXX executable reassembler_cap_sanitized[0m
[ 36%] Built target reassembler_single_sanitized
[ 37%] [32m[1mLinking CXX executable reassembler_cap[0m
[ 37%] Built target reassembler_cap_sanitized
[ 37%] Built target reassembler_cap
[ 37%] [32m[1mLinking CXX executable reassembler_seq_sanitized[0m
[ 37%] [32m[1mLinking CXX executable reassembler_seq[0m
[ 38%] Built target reassembler_seq
[ 39%] [32m[1mLinking CXX executable reassembler_dup_sanitized[0m
[ 40%] Built target reassembler_seq_sanitized
[ 41%] [32m[1mLinking CXX executable reassembler_dup[0m
[ 41%] Built target reassembler_dup_sanitized
[ 43%] [32m[1mLinking CXX executable reassembler_holes_sanitized[0m
[ 43%] Built target reassembler_dup
[ 44%] [32m[1mLinking CXX executable reassembler_holes[0m
[ 44%] Built target reassembler_holes_sanitized
[ 44%] [32m[1mLinking CXX executable reassembler_overlapping_sanitized[0m
[ 44%] Built target reassembler_holes
[ 44%] [32m[1mLinking CXX executable reassembler_overlapping[0m
[ 45%] Built target reassembler_overlapping_sanitized
[ 46%] Built target reassembler_overlapping
[ 46%] [32m[1mLinking CXX executable reassembler_win_sanitized[0m
[ 46%] [32m[1mLinking CXX executable reassembler_win[0m
[ 47%] Built target reassembler_win
[ 48%] Built target reassembler_win_sanitized
[ 48%] [32m[1mLinking CXX executable wrapping_integers_cmp_sanitized[0m
[ 48%] [32m[1mLinking CXX executable wrapping_integers_cmp[0m
[ 50%] Built target wrapping_integers_cmp_sanitized
[ 51%] Built target wrapping_integers_cmp
[ 52%] [32m[1mLinking CXX executable wrapping_integers_wrap_sanitized[0m
[ 52%] [32m[1mLinking CXX executable wrapping_integers_wrap[0m
[ 53%] Built target wrapping_integers_wrap_sanitized
[ 54%] Built target wrapping_integers_wrap
[ 54%] [32m[1mLinking CXX executable wrapping_integers_unwrap_sanitized[0m
[ 54%] [32m[1mLinking CXX executable wrapping_integers_unwrap[0m
[ 55%] Built target wrapping_integers_unwrap
[ 56%] Built target wrapping_integers_unwrap_sanitized
[ 56%] [32m[1mLinking CXX executable wrapping_integers_roundtrip_sanitized[0m
[ 56%] [32m[1mLinking CXX executable wrapping_integers_roundtrip[0m
[ 58%] Built target wrapping_integers_roundtrip
[ 59%] Built target wrapping_integers_roundtrip_sanitized
[ 59%] [32m[1mLinking CXX executable wrapping_integers_extra_sanitized[0m
[ 59%] [32m[1mLinking CXX executable wrapping_integers_extra[0m
[ 60%] Built target wrapping_integers_extra_sanitized
[ 61%] Built target wrapping_integers_extra
[ 62%] [32m[1mLinking CXX executable recv_connect_sanitized[0m
[ 63%] [32m[1mLinking CXX executable recv_connect[0m
[ 63%] Built target recv_connect
[ 63%] Built target recv_connect_sanitized
[ 65%] [32m[1mLinking CXX executable recv_transmit_sanitized[0m
[ 66%] [32m[1mLinking CXX executable recv_transmit[0m
[ 66%] Built target recv_transmit
[ 66%] Built target recv_transmit_sanitized
[ 66%] [32m[1mLinking CXX executable recv_window_sanitized[0m
[ 66%] [32m[1mLinking CXX executable recv_window[0m
[ 67%] Built target recv_window
[ 68%] [32m[1mLinking CXX executable recv_reorder_sanitized[0m
[ 69%] Built target recv_window_sanitized
[ 70%] [32m[1mLinking CXX executable recv_reorder[0m
[ 70%] Built target recv_reorder_sanitized
[ 70%] Built target recv_reorder
[ 72%] [32m[1mLinking CXX executable recv_reorder_more_sanitized[0m
[ 73%] [32m[1mLinking CXX executable recv_reorder_more[0m
[ 73%] Built target recv_reorder_more
[ 73%] Built target recv_reorder_more_sanitized
[ 74%] [32m[1mLinking CXX executable recv_close_sanitized[0m
[ 74%] [32m[1mLinking CXX executable recv_close[0m
[ 75%] Built target recv_close
[ 76%] Built target recv_close_sanitized
[ 77%] [32m[1mLinking CXX executable recv_special_sanitized[0m
[ 79%] [32m[1mLinking CXX executable recv_special[0m
[ 79%] Built target recv_special
[ 79%] [32m[1mLinking CXX executable send_connect_sanitized[0m
[ 79%] Built target recv_special_sanitized
[ 79%] [32m[1mLinking CXX executable send_connect[0m
[ 80%] Built target send_connect_sanitized
[ 81%] Built target send_connect
[ 82%] [32m[1mLinking CXX executable send_transmit_sanitized[0m
[ 83%] [32m[1mLinking CXX executable send_transmit[0m
[ 83%] Built target send_transmit
[ 83%] Built target send_transmit_sanitized
[ 84%] [32m[1mLinking CXX executable send_retx_sanitized[0m
[ 86%] [32m[1mLinking CXX executable send_retx[0m
[ 86%] Built target send_retx_sanitized
[ 87%] Built target send_retx
[ 88%] [32m[1mLinking CXX executable send_window_sanitized[0m
[ 89%] [32m[1mLinking CXX executable send_window[0m
[ 89%] Built target send_window
[ 89%] Built target send_window_sanitized
[ 89%] [32m[1mLinking CXX executable send_ack_sanitized[0m
[ 89%] [32m[1mLinking CXX executable send_ack[0m
[ 90%] Built target send_ack_sanitized
[ 91%] Built target send_ack
[ 91%] [32m[1mLinking CXX executable send_close_sanitized[0m
[ 91%] [32m[1mLinking CXX executable send_close[0m
[ 93%] Built target send_close
[ 94%] Built target send_close_sanitized
[ 94%] [32m[1mLinking CXX executable send_extra_sanitized[0m
[ 95%] [32m[1mLinking CXX executable byte_stream_basics_sanitized[0m
[ 95%] Built target byte_stream_basics_sanitized
[ 96%] Built target send_extra_sanitized
[ 97%] [32m[1mLinking CXX executable byte_stream_capacity_sanitized[0m
[ 98%] [32m[1mLinking CXX executable byte_stream_one_write_sanitized[0m
[ 98%] Built target byte_stream_capacity_sanitized
[ 98%] Built target byte_stream_one_write_sanitized
[ 98%] [32m[1mLinking CXX executable byte_stream_two_writes_sanitized[0m
[100%] Built target byte_stream_two_writes_sanitized
[100%] Built target functionality_testing
[ 10%] Built target stream_copy
[ 60%] Built target util_debug
[ 90%] Built target minnow_debug
[ 90%] [32m[1mLinking CXX executable webget[0m
[100%] Built target webget
<end of output>
Test time =   7.50 sec
----------------------------------------------------------
Test Passed.
"compile with bug-checkers" end time: Nov 24 17:51 CST
"compile with bug-checkers" time elapsed: 00:00:07
----------------------------------------------------------

3/39 Testing: byte_stream_basics
3/39 Test: byte_stream_basics
Command: "/home/oldking/CS144-2024-winter-backup/build_check3_2/tests/byte_stream_basics_sanitized"
Directory: /home/oldking/CS144-2024-winter-backup/build_check3_2
"byte_stream_basics" start time: Nov 24 17:51 CST
Output:
----------------------------------------------------------
<end of output>
Test time =   0.01 sec
----------------------------------------------------------
Test Passed.
"byte_stream_basics" end time: Nov 24 17:51 CST
"byte_stream_basics" time elapsed: 00:00:00
----------------------------------------------------------

4/39 Testing: byte_stream_capacity
4/39 Test: byte_stream_capacity
Command: "/home/oldking/CS144-2024-winter-backup/build_check3_2/tests/byte_stream_capacity_sanitized"
Directory: /home/oldking/CS144-2024-winter-backup/build_check3_2
"byte_stream_capacity" start time: Nov 24 17:51 CST
Output:
----------------------------------------------------------
<end of output>
Test time =   0.02 sec
----------------------------------------------------------
Test Passed.
"byte_stream_capacity" end time: Nov 24 17:51 CST
"byte_stream_capacity" time elapsed: 00:00:00
----------------------------------------------------------

5/39 Testing: byte_stream_one_write
5/39 Test: byte_stream_one_write
Command: "/home/oldking/CS144-2024-winter-backup/build_check3_2/tests/byte_stream_one_write_sanitized"
Directory: /home/oldking/CS144-2024-winter-backup/build_check3_2
"byte_stream_one_write" start time: Nov 24 17:51 CST
Output:
----------------------------------------------------------
<end of output>
Test time =   0.02 sec
----------------------------------------------------------
Test Passed.
"byte_stream_one_write" end time: Nov 24 17:51 CST
"byte_stream_one_write" time elapsed: 00:00:00
----------------------------------------------------------

6/39 Testing: byte_stream_two_writes
6/39 Test: byte_stream_two_writes
Command: "/home/oldking/CS144-2024-winter-backup/build_check3_2/tests/byte_stream_two_writes_sanitized"
Directory: /home/oldking/CS144-2024-winter-backup/build_check3_2
"byte_stream_two_writes" start time: Nov 24 17:51 CST
Output:
----------------------------------------------------------
<end of output>
Test time =   0.02 sec
----------------------------------------------------------
Test Passed.
"byte_stream_two_writes" end time: Nov 24 17:51 CST
"byte_stream_two_writes" time elapsed: 00:00:00
----------------------------------------------------------

7/39 Testing: byte_stream_many_writes
7/39 Test: byte_stream_many_writes
Command: "/home/oldking/CS144-2024-winter-backup/build_check3_2/tests/byte_stream_many_writes_sanitized"
Directory: /home/oldking/CS144-2024-winter-backup/build_check3_2
"byte_stream_many_writes" start time: Nov 24 17:51 CST
Output:
----------------------------------------------------------
<end of output>
Test time =   0.07 sec
----------------------------------------------------------
Test Passed.
"byte_stream_many_writes" end time: Nov 24 17:51 CST
"byte_stream_many_writes" time elapsed: 00:00:00
----------------------------------------------------------

8/39 Testing: byte_stream_stress_test
8/39 Test: byte_stream_stress_test
Command: "/home/oldking/CS144-2024-winter-backup/build_check3_2/tests/byte_stream_stress_test_sanitized"
Directory: /home/oldking/CS144-2024-winter-backup/build_check3_2
"byte_stream_stress_test" start time: Nov 24 17:51 CST
Output:
----------------------------------------------------------
<end of output>
Test time =   0.04 sec
----------------------------------------------------------
Test Passed.
"byte_stream_stress_test" end time: Nov 24 17:51 CST
"byte_stream_stress_test" time elapsed: 00:00:00
----------------------------------------------------------

9/39 Testing: reassembler_single
9/39 Test: reassembler_single
Command: "/home/oldking/CS144-2024-winter-backup/build_check3_2/tests/reassembler_single_sanitized"
Directory: /home/oldking/CS144-2024-winter-backup/build_check3_2
"reassembler_single" start time: Nov 24 17:51 CST
Output:
----------------------------------------------------------







<end of output>
Test time =   0.02 sec
----------------------------------------------------------
Test Passed.
"reassembler_single" end time: Nov 24 17:51 CST
"reassembler_single" time elapsed: 00:00:00
----------------------------------------------------------

10/39 Testing: reassembler_cap
10/39 Test: reassembler_cap
Command: "/home/oldking/CS144-2024-winter-backup/build_check3_2/tests/reassembler_cap_sanitized"
Directory: /home/oldking/CS144-2024-winter-backup/build_check3_2
"reassembler_cap" start time: Nov 24 17:51 CST
Output:
----------------------------------------------------------





















<end of output>
Test time =   0.02 sec
----------------------------------------------------------
Test Passed.
"reassembler_cap" end time: Nov 24 17:51 CST
"reassembler_cap" time elapsed: 00:00:00
----------------------------------------------------------

11/39 Testing: reassembler_seq
11/39 Test: reassembler_seq
Command: "/home/oldking/CS144-2024-winter-backup/build_check3_2/tests/reassembler_seq_sanitized"
Directory: /home/oldking/CS144-2024-winter-backup/build_check3_2
"reassembler_seq" start time: Nov 24 17:51 CST
Output:
----------------------------------------------------------














































































































































































































<end of output>
Test time =   0.03 sec
----------------------------------------------------------
Test Passed.
"reassembler_seq" end time: Nov 24 17:51 CST
"reassembler_seq" time elapsed: 00:00:00
----------------------------------------------------------

12/39 Testing: reassembler_dup
12/39 Test: reassembler_dup
Command: "/home/oldking/CS144-2024-winter-backup/build_check3_2/tests/reassembler_dup_sanitized"
Directory: /home/oldking/CS144-2024-winter-backup/build_check3_2
"reassembler_dup" start time: Nov 24 17:51 CST
Output:
----------------------------------------------------------






















































































































<end of output>
Test time =   0.05 sec
----------------------------------------------------------
Test Passed.
"reassembler_dup" end time: Nov 24 17:51 CST
"reassembler_dup" time elapsed: 00:00:00
----------------------------------------------------------

13/39 Testing: reassembler_holes
13/39 Test: reassembler_holes
Command: "/home/oldking/CS144-2024-winter-backup/build_check3_2/tests/reassembler_holes_sanitized"
Directory: /home/oldking/CS144-2024-winter-backup/build_check3_2
"reassembler_holes" start time: Nov 24 17:51 CST
Output:
----------------------------------------------------------








<end of output>
Test time =   0.02 sec
----------------------------------------------------------
Test Passed.
"reassembler_holes" end time: Nov 24 17:51 CST
"reassembler_holes" time elapsed: 00:00:00
----------------------------------------------------------

14/39 Testing: reassembler_overlapping
14/39 Test: reassembler_overlapping
Command: "/home/oldking/CS144-2024-winter-backup/build_check3_2/tests/reassembler_overlapping_sanitized"
Directory: /home/oldking/CS144-2024-winter-backup/build_check3_2
"reassembler_overlapping" start time: Nov 24 17:51 CST
Output:
----------------------------------------------------------



















<end of output>
Test time =   0.02 sec
----------------------------------------------------------
Test Passed.
"reassembler_overlapping" end time: Nov 24 17:51 CST
"reassembler_overlapping" time elapsed: 00:00:00
----------------------------------------------------------

15/39 Testing: reassembler_win
15/39 Test: reassembler_win
Command: "/home/oldking/CS144-2024-winter-backup/build_check3_2/tests/reassembler_win_sanitized"
Directory: /home/oldking/CS144-2024-winter-backup/build_check3_2
"reassembler_win" start time: Nov 24 17:51 CST
Output:
----------------------------------------------------------




















































































































































































































































































































































































































































































































































































































































































































































































































































































































































































































































































































































































































































































































































































































































































































































































































































































































































































































































































































































































































































































































































































































































































































































































































































































































































<end of output>
Test time =   1.48 sec
----------------------------------------------------------
Test Passed.
"reassembler_win" end time: Nov 24 17:51 CST
"reassembler_win" time elapsed: 00:00:01
----------------------------------------------------------

16/39 Testing: wrapping_integers_cmp
16/39 Test: wrapping_integers_cmp
Command: "/home/oldking/CS144-2024-winter-backup/build_check3_2/tests/wrapping_integers_cmp_sanitized"
Directory: /home/oldking/CS144-2024-winter-backup/build_check3_2
"wrapping_integers_cmp" start time: Nov 24 17:51 CST
Output:
----------------------------------------------------------
<end of output>
Test time =   0.02 sec
----------------------------------------------------------
Test Passed.
"wrapping_integers_cmp" end time: Nov 24 17:51 CST
"wrapping_integers_cmp" time elapsed: 00:00:00
----------------------------------------------------------

17/39 Testing: wrapping_integers_wrap
17/39 Test: wrapping_integers_wrap
Command: "/home/oldking/CS144-2024-winter-backup/build_check3_2/tests/wrapping_integers_wrap_sanitized"
Directory: /home/oldking/CS144-2024-winter-backup/build_check3_2
"wrapping_integers_wrap" start time: Nov 24 17:51 CST
Output:
----------------------------------------------------------
<end of output>
Test time =   0.01 sec
----------------------------------------------------------
Test Passed.
"wrapping_integers_wrap" end time: Nov 24 17:51 CST
"wrapping_integers_wrap" time elapsed: 00:00:00
----------------------------------------------------------

18/39 Testing: wrapping_integers_unwrap
18/39 Test: wrapping_integers_unwrap
Command: "/home/oldking/CS144-2024-winter-backup/build_check3_2/tests/wrapping_integers_unwrap_sanitized"
Directory: /home/oldking/CS144-2024-winter-backup/build_check3_2
"wrapping_integers_unwrap" start time: Nov 24 17:51 CST
Output:
----------------------------------------------------------
<end of output>
Test time =   0.01 sec
----------------------------------------------------------
Test Passed.
"wrapping_integers_unwrap" end time: Nov 24 17:51 CST
"wrapping_integers_unwrap" time elapsed: 00:00:00
----------------------------------------------------------

19/39 Testing: wrapping_integers_roundtrip
19/39 Test: wrapping_integers_roundtrip
Command: "/home/oldking/CS144-2024-winter-backup/build_check3_2/tests/wrapping_integers_roundtrip_sanitized"
Directory: /home/oldking/CS144-2024-winter-backup/build_check3_2
"wrapping_integers_roundtrip" start time: Nov 24 17:51 CST
Output:
----------------------------------------------------------
<end of output>
Test time =   2.07 sec
----------------------------------------------------------
Test Passed.
"wrapping_integers_roundtrip" end time: Nov 24 17:51 CST
"wrapping_integers_roundtrip" time elapsed: 00:00:02
----------------------------------------------------------

20/39 Testing: wrapping_integers_extra
20/39 Test: wrapping_integers_extra
Command: "/home/oldking/CS144-2024-winter-backup/build_check3_2/tests/wrapping_integers_extra_sanitized"
Directory: /home/oldking/CS144-2024-winter-backup/build_check3_2
"wrapping_integers_extra" start time: Nov 24 17:51 CST
Output:
----------------------------------------------------------
<end of output>
Test time =   0.43 sec
----------------------------------------------------------
Test Passed.
"wrapping_integers_extra" end time: Nov 24 17:51 CST
"wrapping_integers_extra" time elapsed: 00:00:00
----------------------------------------------------------

21/39 Testing: recv_connect
21/39 Test: recv_connect
Command: "/home/oldking/CS144-2024-winter-backup/build_check3_2/tests/recv_connect_sanitized"
Directory: /home/oldking/CS144-2024-winter-backup/build_check3_2
"recv_connect" start time: Nov 24 17:51 CST
Output:
----------------------------------------------------------



<end of output>
Test time =   0.02 sec
----------------------------------------------------------
Test Passed.
"recv_connect" end time: Nov 24 17:51 CST
"recv_connect" time elapsed: 00:00:00
----------------------------------------------------------

22/39 Testing: recv_transmit
22/39 Test: recv_transmit
Command: "/home/oldking/CS144-2024-winter-backup/build_check3_2/tests/recv_transmit_sanitized"
Directory: /home/oldking/CS144-2024-winter-backup/build_check3_2
"recv_transmit" start time: Nov 24 17:51 CST
Output:
----------------------------------------------------------






























































































































































































































































































































































































































































































































































































































































































































































































































































































































































































































































































































































































































































































































































































































































































































































































































































































































































































































































































































































































































































































































































































































































































































































































































































































































































































































































































































































































































































































































































































































































































































































































































































































































































































































































































































































































































































































































































































































































































































































































































































































































































































































































































































































































































































































































































































































































































































































































































































































































































































































































































































































































































































































































































































































































































































































































































































































































































































































































































































































































































































































































































































































































































































































































































































































































































































































































































































































































































































































































































































































































































































































































































































































































































































































































































































































































































































































































































































































































































































































































































































































































































































































































































































































































































































































































































































































































































































































































































































































































































































































































































































































































































































































































































































































































































































































































































































































































































































































































































































































































































































































































































































































































































































































































































































































































<end of output>
Test time =   0.59 sec
----------------------------------------------------------
Test Passed.
"recv_transmit" end time: Nov 24 17:51 CST
"recv_transmit" time elapsed: 00:00:00
----------------------------------------------------------

23/39 Testing: recv_window
23/39 Test: recv_window
Command: "/home/oldking/CS144-2024-winter-backup/build_check3_2/tests/recv_window_sanitized"
Directory: /home/oldking/CS144-2024-winter-backup/build_check3_2
"recv_window" start time: Nov 24 17:51 CST
Output:
----------------------------------------------------------




















<end of output>
Test time =   0.02 sec
----------------------------------------------------------
Test Passed.
"recv_window" end time: Nov 24 17:51 CST
"recv_window" time elapsed: 00:00:00
----------------------------------------------------------

24/39 Testing: recv_reorder
24/39 Test: recv_reorder
Command: "/home/oldking/CS144-2024-winter-backup/build_check3_2/tests/recv_reorder_sanitized"
Directory: /home/oldking/CS144-2024-winter-backup/build_check3_2
"recv_reorder" start time: Nov 24 17:51 CST
Output:
----------------------------------------------------------









<end of output>
Test time =   0.02 sec
----------------------------------------------------------
Test Passed.
"recv_reorder" end time: Nov 24 17:51 CST
"recv_reorder" time elapsed: 00:00:00
----------------------------------------------------------

25/39 Testing: recv_reorder_more
25/39 Test: recv_reorder_more
Command: "/home/oldking/CS144-2024-winter-backup/build_check3_2/tests/recv_reorder_more_sanitized"
Directory: /home/oldking/CS144-2024-winter-backup/build_check3_2
"recv_reorder_more" start time: Nov 24 17:51 CST
Output:
----------------------------------------------------------












































































































































































































































































































































































































































































































































































<end of output>
Test time =   2.41 sec
----------------------------------------------------------
Test Passed.
"recv_reorder_more" end time: Nov 24 17:51 CST
"recv_reorder_more" time elapsed: 00:00:02
----------------------------------------------------------

26/39 Testing: recv_close
26/39 Test: recv_close
Command: "/home/oldking/CS144-2024-winter-backup/build_check3_2/tests/recv_close_sanitized"
Directory: /home/oldking/CS144-2024-winter-backup/build_check3_2
"recv_close" start time: Nov 24 17:51 CST
Output:
----------------------------------------------------------




<end of output>
Test time =   0.02 sec
----------------------------------------------------------
Test Passed.
"recv_close" end time: Nov 24 17:51 CST
"recv_close" time elapsed: 00:00:00
----------------------------------------------------------

27/39 Testing: recv_special
27/39 Test: recv_special
Command: "/home/oldking/CS144-2024-winter-backup/build_check3_2/tests/recv_special_sanitized"
Directory: /home/oldking/CS144-2024-winter-backup/build_check3_2
"recv_special" start time: Nov 24 17:51 CST
Output:
----------------------------------------------------------






























<end of output>
Test time =   0.02 sec
----------------------------------------------------------
Test Passed.
"recv_special" end time: Nov 24 17:51 CST
"recv_special" time elapsed: 00:00:00
----------------------------------------------------------

28/39 Testing: send_connect
28/39 Test: send_connect
Command: "/home/oldking/CS144-2024-winter-backup/build_check3_2/tests/send_connect_sanitized"
Directory: /home/oldking/CS144-2024-winter-backup/build_check3_2
"send_connect" start time: Nov 24 17:51 CST
Output:
----------------------------------------------------------

 seq_len=1
 SYN=1
 payload=0
 FIN=0
 next_seq=1
 SeqFNum=1
 RWSize=0
 reader_finished=0
 bytes_buffered=0
 payload is 

send!

 seq_len=1
 SYN=1
 payload=0
 FIN=0
 next_seq=1
 SeqFNum=1
 RWSize=0
 reader_finished=0
 bytes_buffered=0
 payload is 

send!

receive!
 next_seq=1
 SeqFNum=1
 RWSize=0
 reader_finished=0
 bytes_buffered=0
 msg.ackno=1
 window_[0].seqno=0 window_[0].seq_len=1

receive finish!
 next_seq=1
 SeqFNum=1
 RWSize=137
 reader_finished=0
 bytes_buffered=0

 seq_len=0
 SYN=0
 payload=0
 FIN=0
 next_seq=1
 SeqFNum=1
 RWSize=137
 reader_finished=0
 bytes_buffered=0
 payload is 

send none

The test [1;39m"[m[1;39mSYN acked test[m[1;39m"[m failed after these steps:

  0.	[1;39mInitialized SenderAndOutput with initial_RTO_ms=1000[m
  1.	[1;34mAction: push TCPSender[m
  2.	[1;32mExpectation: message sent with seqno=Wrap32<1242650794> +SYN (no payload) (no FIN) (no RST)[m
  3.	[1;32mExpectation: make_empty_message().seqno = Wrap32<1242650795>[m
  4.	[1;32mExpectation: sequence_numbers_in_flight = 1[m
  5.	[1;34mAction: receive(ack=Some(Wrap32<1242650795>), win=137), then push stream to TCPSender[m
  6.	[1;32mExpectation: nothing to send[m
[1;31m  ***** Unsuccessful Expectation: sequence_numbers_in_flight = 0 *****

[m[1;31mExpectationViolation[m: [1;39mThe object should have had sequence_numbers_in_flight = 0, but instead it was 1.[m

The test "SYN acked test" failed.
<end of output>
Test time =   0.02 sec
----------------------------------------------------------
Test Failed.
"send_connect" end time: Nov 24 17:51 CST
"send_connect" time elapsed: 00:00:00
----------------------------------------------------------

End testing: Nov 24 17:51 CST
