Start testing: Sep 20 15:01 CST
----------------------------------------------------------
1/39 Testing: compile with bug-checkers
1/39 Test: compile with bug-checkers
Command: "/usr/bin/cmake" "--build" "/home/oldking/CS144-2024-winter-backup/build_check1_3_v2" "-t" "functionality_testing" "webget"
Directory: /home/oldking/CS144-2024-winter-backup/build_check1_3_v2
"compile with bug-checkers" start time: Sep 20 15:01 CST
Output:
----------------------------------------------------------
make[4]: warning: -j2 forced in submake: resetting jobserver mode.
[  2%] Built target minnow_testing_debug
[ 12%] Built target util_debug
[ 13%] [32mBuilding CXX object src/CMakeFiles/minnow_debug.dir/reassembler.cc.o[0m
[ 16%] Built target minnow_testing_sanitized
[ 26%] Built target util_sanitized
[ 27%] [32mBuilding CXX object src/CMakeFiles/minnow_sanitized.dir/reassembler.cc.o[0m
[ 29%] [32m[1mLinking CXX static library libminnow_debug.a[0m
[ 31%] Built target minnow_debug
[ 32%] [32m[1mLinking CXX executable reassembler_win[0m
[ 34%] Built target reassembler_win
[ 35%] [32m[1mLinking CXX executable byte_stream_basics[0m
[ 36%] [32m[1mLinking CXX static library libminnow_sanitized.a[0m
[ 36%] Built target byte_stream_basics
[ 39%] Built target minnow_sanitized
[ 40%] [32m[1mLinking CXX executable byte_stream_capacity[0m
[ 41%] [32m[1mLinking CXX executable byte_stream_one_write[0m
[ 43%] Built target byte_stream_capacity
[ 44%] Built target byte_stream_one_write
[ 45%] [32m[1mLinking CXX executable byte_stream_two_writes_sanitized[0m
[ 46%] [32m[1mLinking CXX executable byte_stream_two_writes[0m
[ 48%] Built target byte_stream_two_writes_sanitized
[ 49%] [32m[1mLinking CXX executable byte_stream_many_writes_sanitized[0m
[ 50%] Built target byte_stream_two_writes
[ 51%] [32m[1mLinking CXX executable byte_stream_many_writes[0m
[ 53%] Built target byte_stream_many_writes_sanitized
[ 54%] [32m[1mLinking CXX executable byte_stream_stress_test_sanitized[0m
[ 55%] Built target byte_stream_many_writes
[ 56%] [32m[1mLinking CXX executable byte_stream_stress_test[0m
[ 58%] Built target byte_stream_stress_test_sanitized
[ 59%] [32m[1mLinking CXX executable reassembler_single_sanitized[0m
[ 60%] Built target byte_stream_stress_test
[ 62%] [32m[1mLinking CXX executable reassembler_single[0m
[ 63%] Built target reassembler_single_sanitized
[ 64%] [32m[1mLinking CXX executable reassembler_cap_sanitized[0m
[ 65%] Built target reassembler_single
[ 67%] [32m[1mLinking CXX executable reassembler_cap[0m
[ 68%] Built target reassembler_cap_sanitized
[ 69%] [32m[1mLinking CXX executable reassembler_seq_sanitized[0m
[ 70%] Built target reassembler_cap
[ 72%] [32m[1mLinking CXX executable reassembler_seq[0m
[ 73%] Built target reassembler_seq_sanitized
[ 74%] [32m[1mLinking CXX executable reassembler_dup_sanitized[0m
[ 75%] Built target reassembler_seq
[ 77%] [32m[1mLinking CXX executable reassembler_dup[0m
[ 78%] Built target reassembler_dup_sanitized
[ 79%] [32m[1mLinking CXX executable reassembler_holes_sanitized[0m
[ 81%] Built target reassembler_dup
[ 82%] [32m[1mLinking CXX executable reassembler_holes[0m
[ 83%] Built target reassembler_holes_sanitized
[ 84%] Built target reassembler_holes
[ 86%] [32m[1mLinking CXX executable reassembler_overlapping_sanitized[0m
[ 87%] [32m[1mLinking CXX executable reassembler_overlapping[0m
[ 88%] Built target reassembler_overlapping_sanitized
[ 89%] [32m[1mLinking CXX executable reassembler_win_sanitized[0m
[ 91%] Built target reassembler_overlapping
[ 92%] [32m[1mLinking CXX executable byte_stream_basics_sanitized[0m
[ 93%] Built target reassembler_win_sanitized
[ 94%] [32m[1mLinking CXX executable byte_stream_capacity_sanitized[0m
[ 96%] Built target byte_stream_basics_sanitized
[ 97%] [32m[1mLinking CXX executable byte_stream_one_write_sanitized[0m
[ 98%] Built target byte_stream_capacity_sanitized
[100%] Built target byte_stream_one_write_sanitized
[100%] Built target functionality_testing
[ 12%] Built target stream_copy
[ 62%] Built target util_debug
[ 87%] Built target minnow_debug
[ 93%] [32m[1mLinking CXX executable webget[0m
[100%] Built target webget
<end of output>
Test time =  14.06 sec
----------------------------------------------------------
Test Passed.
"compile with bug-checkers" end time: Sep 20 15:01 CST
"compile with bug-checkers" time elapsed: 00:00:14
----------------------------------------------------------

3/39 Testing: byte_stream_basics
3/39 Test: byte_stream_basics
Command: "/home/oldking/CS144-2024-winter-backup/build_check1_3_v2/tests/byte_stream_basics_sanitized"
Directory: /home/oldking/CS144-2024-winter-backup/build_check1_3_v2
"byte_stream_basics" start time: Sep 20 15:01 CST
Output:
----------------------------------------------------------
<end of output>
Test time =   0.02 sec
----------------------------------------------------------
Test Passed.
"byte_stream_basics" end time: Sep 20 15:01 CST
"byte_stream_basics" time elapsed: 00:00:00
----------------------------------------------------------

4/39 Testing: byte_stream_capacity
4/39 Test: byte_stream_capacity
Command: "/home/oldking/CS144-2024-winter-backup/build_check1_3_v2/tests/byte_stream_capacity_sanitized"
Directory: /home/oldking/CS144-2024-winter-backup/build_check1_3_v2
"byte_stream_capacity" start time: Sep 20 15:01 CST
Output:
----------------------------------------------------------
<end of output>
Test time =   0.03 sec
----------------------------------------------------------
Test Passed.
"byte_stream_capacity" end time: Sep 20 15:01 CST
"byte_stream_capacity" time elapsed: 00:00:00
----------------------------------------------------------

5/39 Testing: byte_stream_one_write
5/39 Test: byte_stream_one_write
Command: "/home/oldking/CS144-2024-winter-backup/build_check1_3_v2/tests/byte_stream_one_write_sanitized"
Directory: /home/oldking/CS144-2024-winter-backup/build_check1_3_v2
"byte_stream_one_write" start time: Sep 20 15:01 CST
Output:
----------------------------------------------------------
<end of output>
Test time =   0.02 sec
----------------------------------------------------------
Test Passed.
"byte_stream_one_write" end time: Sep 20 15:01 CST
"byte_stream_one_write" time elapsed: 00:00:00
----------------------------------------------------------

6/39 Testing: byte_stream_two_writes
6/39 Test: byte_stream_two_writes
Command: "/home/oldking/CS144-2024-winter-backup/build_check1_3_v2/tests/byte_stream_two_writes_sanitized"
Directory: /home/oldking/CS144-2024-winter-backup/build_check1_3_v2
"byte_stream_two_writes" start time: Sep 20 15:01 CST
Output:
----------------------------------------------------------
<end of output>
Test time =   0.02 sec
----------------------------------------------------------
Test Passed.
"byte_stream_two_writes" end time: Sep 20 15:01 CST
"byte_stream_two_writes" time elapsed: 00:00:00
----------------------------------------------------------

7/39 Testing: byte_stream_many_writes
7/39 Test: byte_stream_many_writes
Command: "/home/oldking/CS144-2024-winter-backup/build_check1_3_v2/tests/byte_stream_many_writes_sanitized"
Directory: /home/oldking/CS144-2024-winter-backup/build_check1_3_v2
"byte_stream_many_writes" start time: Sep 20 15:01 CST
Output:
----------------------------------------------------------
<end of output>
Test time =   0.10 sec
----------------------------------------------------------
Test Passed.
"byte_stream_many_writes" end time: Sep 20 15:01 CST
"byte_stream_many_writes" time elapsed: 00:00:00
----------------------------------------------------------

8/39 Testing: byte_stream_stress_test
8/39 Test: byte_stream_stress_test
Command: "/home/oldking/CS144-2024-winter-backup/build_check1_3_v2/tests/byte_stream_stress_test_sanitized"
Directory: /home/oldking/CS144-2024-winter-backup/build_check1_3_v2
"byte_stream_stress_test" start time: Sep 20 15:01 CST
Output:
----------------------------------------------------------
<end of output>
Test time =   0.05 sec
----------------------------------------------------------
Test Passed.
"byte_stream_stress_test" end time: Sep 20 15:01 CST
"byte_stream_stress_test" time elapsed: 00:00:00
----------------------------------------------------------

9/39 Testing: reassembler_single
9/39 Test: reassembler_single
Command: "/home/oldking/CS144-2024-winter-backup/build_check1_3_v2/tests/reassembler_single_sanitized"
Directory: /home/oldking/CS144-2024-winter-backup/build_check1_3_v2
"reassembler_single" start time: Sep 20 15:01 CST
Output:
----------------------------------------------------------







<end of output>
Test time =   0.02 sec
----------------------------------------------------------
Test Passed.
"reassembler_single" end time: Sep 20 15:01 CST
"reassembler_single" time elapsed: 00:00:00
----------------------------------------------------------

10/39 Testing: reassembler_cap
10/39 Test: reassembler_cap
Command: "/home/oldking/CS144-2024-winter-backup/build_check1_3_v2/tests/reassembler_cap_sanitized"
Directory: /home/oldking/CS144-2024-winter-backup/build_check1_3_v2
"reassembler_cap" start time: Sep 20 15:01 CST
Output:
----------------------------------------------------------





















<end of output>
Test time =   0.03 sec
----------------------------------------------------------
Test Passed.
"reassembler_cap" end time: Sep 20 15:01 CST
"reassembler_cap" time elapsed: 00:00:00
----------------------------------------------------------

11/39 Testing: reassembler_seq
11/39 Test: reassembler_seq
Command: "/home/oldking/CS144-2024-winter-backup/build_check1_3_v2/tests/reassembler_seq_sanitized"
Directory: /home/oldking/CS144-2024-winter-backup/build_check1_3_v2
"reassembler_seq" start time: Sep 20 15:01 CST
Output:
----------------------------------------------------------














































































































































































































<end of output>
Test time =   0.05 sec
----------------------------------------------------------
Test Passed.
"reassembler_seq" end time: Sep 20 15:01 CST
"reassembler_seq" time elapsed: 00:00:00
----------------------------------------------------------

12/39 Testing: reassembler_dup
12/39 Test: reassembler_dup
Command: "/home/oldking/CS144-2024-winter-backup/build_check1_3_v2/tests/reassembler_dup_sanitized"
Directory: /home/oldking/CS144-2024-winter-backup/build_check1_3_v2
"reassembler_dup" start time: Sep 20 15:01 CST
Output:
----------------------------------------------------------
















































































































<end of output>
Test time =   0.08 sec
----------------------------------------------------------
Test Passed.
"reassembler_dup" end time: Sep 20 15:01 CST
"reassembler_dup" time elapsed: 00:00:00
----------------------------------------------------------

13/39 Testing: reassembler_holes
13/39 Test: reassembler_holes
Command: "/home/oldking/CS144-2024-winter-backup/build_check1_3_v2/tests/reassembler_holes_sanitized"
Directory: /home/oldking/CS144-2024-winter-backup/build_check1_3_v2
"reassembler_holes" start time: Sep 20 15:01 CST
Output:
----------------------------------------------------------








<end of output>
Test time =   0.03 sec
----------------------------------------------------------
Test Passed.
"reassembler_holes" end time: Sep 20 15:01 CST
"reassembler_holes" time elapsed: 00:00:00
----------------------------------------------------------

14/39 Testing: reassembler_overlapping
14/39 Test: reassembler_overlapping
Command: "/home/oldking/CS144-2024-winter-backup/build_check1_3_v2/tests/reassembler_overlapping_sanitized"
Directory: /home/oldking/CS144-2024-winter-backup/build_check1_3_v2
"reassembler_overlapping" start time: Sep 20 15:01 CST
Output:
----------------------------------------------------------



















<end of output>
Test time =   0.03 sec
----------------------------------------------------------
Test Passed.
"reassembler_overlapping" end time: Sep 20 15:01 CST
"reassembler_overlapping" time elapsed: 00:00:00
----------------------------------------------------------

15/39 Testing: reassembler_win
15/39 Test: reassembler_win
Command: "/home/oldking/CS144-2024-winter-backup/build_check1_3_v2/tests/reassembler_win_sanitized"
Directory: /home/oldking/CS144-2024-winter-backup/build_check1_3_v2
"reassembler_win" start time: Sep 20 15:01 CST
Output:
----------------------------------------------------------

































































































































































































































































































































































































































































































































































































































































































































































































































































































































































































































































































































































































































































































































































































































































































































































































































































































































































































































































































































































































































































































































































































<end of output>
Test time =   2.01 sec
----------------------------------------------------------
Test Passed.
"reassembler_win" end time: Sep 20 15:02 CST
"reassembler_win" time elapsed: 00:00:02
----------------------------------------------------------

37/39 Testing: compile with optimization
37/39 Test: compile with optimization
Command: "/usr/bin/cmake" "--build" "/home/oldking/CS144-2024-winter-backup/build_check1_3_v2" "-t" "speed_testing"
Directory: /home/oldking/CS144-2024-winter-backup/build_check1_3_v2
"compile with optimization" start time: Sep 20 15:02 CST
Output:
----------------------------------------------------------
make[4]: warning: -j2 forced in submake: resetting jobserver mode.
[  7%] [32mBuilding CXX object src/CMakeFiles/minnow_optimized.dir/reassembler.cc.o[0m
[ 64%] Built target util_optimized
[ 64%] [32m[1mLinking CXX static library libminnow_optimized.a[0m
[ 78%] Built target minnow_optimized
[ 78%] [32m[1mLinking CXX executable reassembler_speed_test[0m
[ 85%] [32m[1mLinking CXX executable byte_stream_speed_test[0m
[ 92%] Built target byte_stream_speed_test
[100%] Built target reassembler_speed_test
[100%] Built target speed_testing
<end of output>
Test time =   3.43 sec
----------------------------------------------------------
Test Passed.
"compile with optimization" end time: Sep 20 15:02 CST
"compile with optimization" time elapsed: 00:00:03
----------------------------------------------------------

38/39 Testing: byte_stream_speed_test
38/39 Test: byte_stream_speed_test
Command: "/home/oldking/CS144-2024-winter-backup/build_check1_3_v2/tests/byte_stream_speed_test"
Directory: /home/oldking/CS144-2024-winter-backup/build_check1_3_v2
"byte_stream_speed_test" start time: Sep 20 15:02 CST
Output:
----------------------------------------------------------
ByteStream with capacity=32768, write_size=1500, read_size=128 reached 2.14 Gbit/s.
<end of output>
Test time =   0.35 sec
----------------------------------------------------------
Test Passed.
"byte_stream_speed_test" end time: Sep 20 15:02 CST
"byte_stream_speed_test" time elapsed: 00:00:00
----------------------------------------------------------

39/39 Testing: reassembler_speed_test
39/39 Test: reassembler_speed_test
Command: "/home/oldking/CS144-2024-winter-backup/build_check1_3_v2/tests/reassembler_speed_test"
Directory: /home/oldking/CS144-2024-winter-backup/build_check1_3_v2
"reassembler_speed_test" start time: Sep 20 15:02 CST
Output:
----------------------------------------------------------









































































































































































































































































































































































































































































































































































































































































































































































































































































































































































































































































































































































































































































































































































































































































































































































































































































































































































































































































































































































































































































































































































































































































































































































































































































































































































































































































































































































































































































































































































































































































































































































































































































































































































































































































































































































































































































































































































































































































































































































































































































































































































































































































































































































































































































































































































































































































































































































































































































































































































































































































































































































































































































































































































































































































































































































































































































































































































































































































































































































































































































































































































































































































































































































































































































































































































































































































































































































































































































































































































































































































































































































































































































































































































































































































































































































































































































































































































































































































































































































































































































































































































































































































































































































































































































































































































































































































































































































































































































































































































































































































































































































































































































































































































































































































































































































































































































































































































































































































































































































































































































































































































































































































































































































































































































































































































































































































































































































































































































































































































































































































































































































































































































































































































































































































































































































































































































































































































































































































































































































































































































































































































































































































































































































































































































































































































































































































































































































































































































































































































































































































































































































































































































































































































































































































































































































































































































































































































































































































































































































































































































































































































































































































































































































































































































































































































































































































































































































































































































































































































































































































































































































































































































































































































































































































































































































































































































































































































































































































































































































































































































































































































































































































































































































































































































































































































































































































































































































































































































































































































































































































































































































































































































































































































































































































































































































































































































































































































































































































































































































































































































































































































































































































































































































































































































































































































































































































































































































































































































































































































































































































































































































































































































































































































































































































































































































































































































































































































































































































































































































































































































































































































































































































































































































































































































































































































































































































































































































































































Reassembler to ByteStream with capacity=1500 reached 0.71 Gbit/s.
<end of output>
Test time =   0.70 sec
----------------------------------------------------------
Test Passed.
"reassembler_speed_test" end time: Sep 20 15:02 CST
"reassembler_speed_test" time elapsed: 00:00:00
----------------------------------------------------------

End testing: Sep 20 15:02 CST
