Start testing: Sep 05 23:48 CST
----------------------------------------------------------
1/39 Testing: compile with bug-checkers
1/39 Test: compile with bug-checkers
Command: "/usr/bin/cmake" "--build" "/home/oldking/CS144-2024-winter-backup/build_check0_4" "-t" "functionality_testing" "webget"
Directory: /home/oldking/CS144-2024-winter-backup/build_check0_4
"compile with bug-checkers" start time: Sep 05 23:48 CST
Output:
----------------------------------------------------------
make[4]: warning: -j2 forced in submake: resetting jobserver mode.
[  2%] [32mBuilding CXX object tests/CMakeFiles/minnow_testing_debug.dir/common.cc.o[0m
[  4%] [32mBuilding CXX object util/CMakeFiles/util_debug.dir/address.cc.o[0m
[  6%] [32mBuilding CXX object util/CMakeFiles/util_debug.dir/eventloop.cc.o[0m
[  8%] [32m[1mLinking CXX static library libminnow_testing_debug.a[0m
[  8%] Built target minnow_testing_debug
[ 10%] [32mBuilding CXX object src/CMakeFiles/minnow_debug.dir/byte_stream.cc.o[0m
[ 12%] [32mBuilding CXX object src/CMakeFiles/minnow_debug.dir/byte_stream_helpers.cc.o[0m
[ 14%] [32m[1mLinking CXX static library libminnow_debug.a[0m
[ 14%] Built target minnow_debug
[ 16%] [32mBuilding CXX object tests/CMakeFiles/minnow_testing_sanitized.dir/common.cc.o[0m
[ 18%] [32mBuilding CXX object util/CMakeFiles/util_debug.dir/file_descriptor.cc.o[0m
[ 20%] [32m[1mLinking CXX static library libminnow_testing_sanitized.a[0m
[ 20%] Built target minnow_testing_sanitized
[ 22%] [32mBuilding CXX object util/CMakeFiles/util_debug.dir/ipv4_header.cc.o[0m
[ 24%] [32mBuilding CXX object util/CMakeFiles/util_sanitized.dir/address.cc.o[0m
[ 26%] [32mBuilding CXX object util/CMakeFiles/util_debug.dir/random.cc.o[0m
[ 28%] [32mBuilding CXX object util/CMakeFiles/util_sanitized.dir/eventloop.cc.o[0m
[ 30%] [32mBuilding CXX object util/CMakeFiles/util_debug.dir/socket.cc.o[0m
[ 32%] [32mBuilding CXX object util/CMakeFiles/util_debug.dir/tun.cc.o[0m
[ 34%] [32mBuilding CXX object util/CMakeFiles/util_sanitized.dir/file_descriptor.cc.o[0m
[ 36%] [32m[1mLinking CXX static library libutil_debug.a[0m
[ 36%] Built target util_debug
[ 38%] [32mBuilding CXX object src/CMakeFiles/minnow_sanitized.dir/byte_stream.cc.o[0m
[ 40%] [32mBuilding CXX object src/CMakeFiles/minnow_sanitized.dir/byte_stream_helpers.cc.o[0m
[ 42%] [32m[1mLinking CXX static library libminnow_sanitized.a[0m
[ 44%] [32mBuilding CXX object util/CMakeFiles/util_sanitized.dir/ipv4_header.cc.o[0m
[ 44%] Built target minnow_sanitized
[ 46%] [32mBuilding CXX object tests/CMakeFiles/byte_stream_basics.dir/byte_stream_basics.cc.o[0m
[ 48%] [32m[1mLinking CXX executable byte_stream_basics[0m
[ 50%] [32mBuilding CXX object util/CMakeFiles/util_sanitized.dir/random.cc.o[0m
[ 50%] Built target byte_stream_basics
[ 52%] [32mBuilding CXX object tests/CMakeFiles/byte_stream_capacity.dir/byte_stream_capacity.cc.o[0m
[ 54%] [32mBuilding CXX object util/CMakeFiles/util_sanitized.dir/socket.cc.o[0m
[ 56%] [32m[1mLinking CXX executable byte_stream_capacity[0m
[ 56%] Built target byte_stream_capacity
[ 58%] [32mBuilding CXX object util/CMakeFiles/util_sanitized.dir/tun.cc.o[0m
[ 60%] [32mBuilding CXX object tests/CMakeFiles/byte_stream_one_write.dir/byte_stream_one_write.cc.o[0m
[ 62%] [32m[1mLinking CXX static library libutil_sanitized.a[0m
[ 62%] Built target util_sanitized
[ 64%] [32mBuilding CXX object tests/CMakeFiles/byte_stream_two_writes.dir/byte_stream_two_writes.cc.o[0m
[ 66%] [32m[1mLinking CXX executable byte_stream_one_write[0m
[ 66%] Built target byte_stream_one_write
[ 68%] [32mBuilding CXX object tests/CMakeFiles/byte_stream_many_writes_sanitized.dir/byte_stream_many_writes.cc.o[0m
[ 70%] [32m[1mLinking CXX executable byte_stream_two_writes[0m
[ 70%] Built target byte_stream_two_writes
[ 72%] [32mBuilding CXX object tests/CMakeFiles/byte_stream_many_writes.dir/byte_stream_many_writes.cc.o[0m
[ 74%] [32m[1mLinking CXX executable byte_stream_many_writes[0m
[ 74%] Built target byte_stream_many_writes
[ 76%] [32mBuilding CXX object tests/CMakeFiles/byte_stream_stress_test_sanitized.dir/byte_stream_stress_test.cc.o[0m
[ 78%] [32m[1mLinking CXX executable byte_stream_many_writes_sanitized[0m
[ 78%] Built target byte_stream_many_writes_sanitized
[ 80%] [32mBuilding CXX object tests/CMakeFiles/byte_stream_stress_test.dir/byte_stream_stress_test.cc.o[0m
[ 82%] [32m[1mLinking CXX executable byte_stream_stress_test[0m
[ 82%] Built target byte_stream_stress_test
[ 84%] [32mBuilding CXX object tests/CMakeFiles/byte_stream_basics_sanitized.dir/byte_stream_basics.cc.o[0m
[ 86%] [32m[1mLinking CXX executable byte_stream_stress_test_sanitized[0m
[ 86%] Built target byte_stream_stress_test_sanitized
[ 88%] [32mBuilding CXX object tests/CMakeFiles/byte_stream_capacity_sanitized.dir/byte_stream_capacity.cc.o[0m
[ 90%] [32m[1mLinking CXX executable byte_stream_basics_sanitized[0m
[ 90%] Built target byte_stream_basics_sanitized
[ 92%] [32mBuilding CXX object tests/CMakeFiles/byte_stream_one_write_sanitized.dir/byte_stream_one_write.cc.o[0m
[ 94%] [32m[1mLinking CXX executable byte_stream_capacity_sanitized[0m
[ 94%] Built target byte_stream_capacity_sanitized
[ 96%] [32mBuilding CXX object tests/CMakeFiles/byte_stream_two_writes_sanitized.dir/byte_stream_two_writes.cc.o[0m
[ 98%] [32m[1mLinking CXX executable byte_stream_one_write_sanitized[0m
[ 98%] Built target byte_stream_one_write_sanitized
[100%] [32m[1mLinking CXX executable byte_stream_two_writes_sanitized[0m
[100%] Built target byte_stream_two_writes_sanitized
[100%] Built target functionality_testing
[  6%] [32mBuilding CXX object apps/CMakeFiles/stream_copy.dir/bidirectional_stream_copy.cc.o[0m
[ 60%] Built target util_debug
[ 80%] Built target minnow_debug
[ 86%] [32m[1mLinking CXX static library libstream_copy.a[0m
[ 86%] Built target stream_copy
[ 93%] [32mBuilding CXX object apps/CMakeFiles/webget.dir/webget.cc.o[0m
[100%] [32m[1mLinking CXX executable webget[0m
[100%] Built target webget
<end of output>
Test time =  71.26 sec
----------------------------------------------------------
Test Passed.
"compile with bug-checkers" end time: Sep 05 23:49 CST
"compile with bug-checkers" time elapsed: 00:01:11
----------------------------------------------------------

2/39 Testing: t_webget
2/39 Test: t_webget
Command: "/home/oldking/CS144-2024-winter-backup/tests/webget_t.sh" "/home/oldking/CS144-2024-winter-backup/build_check0_4"
Directory: /home/oldking/CS144-2024-winter-backup/build_check0_4
"t_webget" start time: Sep 05 23:49 CST
Output:
----------------------------------------------------------
HTTP/1.1 200 OK
Content-type: text/plain

7SmXqWkrLKzVBCEalbSPqBcvs11Pw263K7x4Wv3JckI
<end of output>
Test time =   3.18 sec
----------------------------------------------------------
Test Passed.
"t_webget" end time: Sep 05 23:49 CST
"t_webget" time elapsed: 00:00:03
----------------------------------------------------------

3/39 Testing: byte_stream_basics
3/39 Test: byte_stream_basics
Command: "/home/oldking/CS144-2024-winter-backup/build_check0_4/tests/byte_stream_basics_sanitized"
Directory: /home/oldking/CS144-2024-winter-backup/build_check0_4
"byte_stream_basics" start time: Sep 05 23:49 CST
Output:
----------------------------------------------------------
<end of output>
Test time =   0.03 sec
----------------------------------------------------------
Test Passed.
"byte_stream_basics" end time: Sep 05 23:49 CST
"byte_stream_basics" time elapsed: 00:00:00
----------------------------------------------------------

4/39 Testing: byte_stream_capacity
4/39 Test: byte_stream_capacity
Command: "/home/oldking/CS144-2024-winter-backup/build_check0_4/tests/byte_stream_capacity_sanitized"
Directory: /home/oldking/CS144-2024-winter-backup/build_check0_4
"byte_stream_capacity" start time: Sep 05 23:49 CST
Output:
----------------------------------------------------------
<end of output>
Test time =   0.04 sec
----------------------------------------------------------
Test Passed.
"byte_stream_capacity" end time: Sep 05 23:49 CST
"byte_stream_capacity" time elapsed: 00:00:00
----------------------------------------------------------

5/39 Testing: byte_stream_one_write
5/39 Test: byte_stream_one_write
Command: "/home/oldking/CS144-2024-winter-backup/build_check0_4/tests/byte_stream_one_write_sanitized"
Directory: /home/oldking/CS144-2024-winter-backup/build_check0_4
"byte_stream_one_write" start time: Sep 05 23:49 CST
Output:
----------------------------------------------------------
<end of output>
Test time =   0.04 sec
----------------------------------------------------------
Test Passed.
"byte_stream_one_write" end time: Sep 05 23:49 CST
"byte_stream_one_write" time elapsed: 00:00:00
----------------------------------------------------------

6/39 Testing: byte_stream_two_writes
6/39 Test: byte_stream_two_writes
Command: "/home/oldking/CS144-2024-winter-backup/build_check0_4/tests/byte_stream_two_writes_sanitized"
Directory: /home/oldking/CS144-2024-winter-backup/build_check0_4
"byte_stream_two_writes" start time: Sep 05 23:49 CST
Output:
----------------------------------------------------------
<end of output>
Test time =   0.04 sec
----------------------------------------------------------
Test Passed.
"byte_stream_two_writes" end time: Sep 05 23:49 CST
"byte_stream_two_writes" time elapsed: 00:00:00
----------------------------------------------------------

7/39 Testing: byte_stream_many_writes
7/39 Test: byte_stream_many_writes
Command: "/home/oldking/CS144-2024-winter-backup/build_check0_4/tests/byte_stream_many_writes_sanitized"
Directory: /home/oldking/CS144-2024-winter-backup/build_check0_4
"byte_stream_many_writes" start time: Sep 05 23:49 CST
Output:
----------------------------------------------------------
<end of output>
Test time =   0.13 sec
----------------------------------------------------------
Test Passed.
"byte_stream_many_writes" end time: Sep 05 23:49 CST
"byte_stream_many_writes" time elapsed: 00:00:00
----------------------------------------------------------

8/39 Testing: byte_stream_stress_test
8/39 Test: byte_stream_stress_test
Command: "/home/oldking/CS144-2024-winter-backup/build_check0_4/tests/byte_stream_stress_test_sanitized"
Directory: /home/oldking/CS144-2024-winter-backup/build_check0_4
"byte_stream_stress_test" start time: Sep 05 23:49 CST
Output:
----------------------------------------------------------
<end of output>
Test time =   0.06 sec
----------------------------------------------------------
Test Passed.
"byte_stream_stress_test" end time: Sep 05 23:49 CST
"byte_stream_stress_test" time elapsed: 00:00:00
----------------------------------------------------------

37/39 Testing: compile with optimization
37/39 Test: compile with optimization
Command: "/usr/bin/cmake" "--build" "/home/oldking/CS144-2024-winter-backup/build_check0_4" "-t" "speed_testing"
Directory: /home/oldking/CS144-2024-winter-backup/build_check0_4
"compile with optimization" start time: Sep 05 23:49 CST
Output:
----------------------------------------------------------
make[4]: warning: -j2 forced in submake: resetting jobserver mode.
[  7%] [32mBuilding CXX object util/CMakeFiles/util_optimized.dir/address.cc.o[0m
[ 15%] [32mBuilding CXX object src/CMakeFiles/minnow_optimized.dir/byte_stream.cc.o[0m
[ 23%] [32mBuilding CXX object src/CMakeFiles/minnow_optimized.dir/byte_stream_helpers.cc.o[0m
[ 30%] [32m[1mLinking CXX static library libminnow_optimized.a[0m
[ 38%] [32mBuilding CXX object util/CMakeFiles/util_optimized.dir/eventloop.cc.o[0m
[ 38%] Built target minnow_optimized
[ 46%] [32mBuilding CXX object util/CMakeFiles/util_optimized.dir/file_descriptor.cc.o[0m
[ 53%] [32mBuilding CXX object util/CMakeFiles/util_optimized.dir/ipv4_header.cc.o[0m
[ 61%] [32mBuilding CXX object util/CMakeFiles/util_optimized.dir/random.cc.o[0m
[ 69%] [32mBuilding CXX object util/CMakeFiles/util_optimized.dir/socket.cc.o[0m
[ 76%] [32mBuilding CXX object util/CMakeFiles/util_optimized.dir/tun.cc.o[0m
[ 84%] [32m[1mLinking CXX static library libutil_optimized.a[0m
[ 84%] Built target util_optimized
[ 92%] [32mBuilding CXX object tests/CMakeFiles/byte_stream_speed_test.dir/byte_stream_speed_test.cc.o[0m
[100%] [32m[1mLinking CXX executable byte_stream_speed_test[0m
[100%] Built target byte_stream_speed_test
[100%] Built target speed_testing
<end of output>
Test time =  21.10 sec
----------------------------------------------------------
Test Passed.
"compile with optimization" end time: Sep 05 23:49 CST
"compile with optimization" time elapsed: 00:00:21
----------------------------------------------------------

38/39 Testing: byte_stream_speed_test
38/39 Test: byte_stream_speed_test
Command: "/home/oldking/CS144-2024-winter-backup/build_check0_4/tests/byte_stream_speed_test"
Directory: /home/oldking/CS144-2024-winter-backup/build_check0_4
"byte_stream_speed_test" start time: Sep 05 23:49 CST
Output:
----------------------------------------------------------
ByteStream with capacity=32768, write_size=1500, read_size=128 reached 2.34 Gbit/s.
<end of output>
Test time =   0.34 sec
----------------------------------------------------------
Test Passed.
"byte_stream_speed_test" end time: Sep 05 23:49 CST
"byte_stream_speed_test" time elapsed: 00:00:00
----------------------------------------------------------

End testing: Sep 05 23:49 CST
