Start testing: Oct 17 00:24 CST
----------------------------------------------------------
1/39 Testing: compile with bug-checkers
1/39 Test: compile with bug-checkers
Command: "/usr/bin/cmake" "--build" "/home/oldking/CS144-2024-winter-backup/build_check2_2" "-t" "functionality_testing" "webget"
Directory: /home/oldking/CS144-2024-winter-backup/build_check2_2
"compile with bug-checkers" start time: Oct 17 00:24 CST
Output:
----------------------------------------------------------
make[4]: warning: -j2 forced in submake: resetting jobserver mode.
[  1%] Built target minnow_testing_debug
[  7%] Built target util_debug
[  7%] [32mBuilding CXX object src/CMakeFiles/minnow_debug.dir/tcp_receiver.cc.o[0m
[  9%] Built target minnow_testing_sanitized
[ 15%] Built target util_sanitized
[ 16%] [32mBuilding CXX object src/CMakeFiles/minnow_sanitized.dir/tcp_receiver.cc.o[0m
[ 17%] [32m[1mLinking CXX static library libminnow_debug.a[0m
[ 21%] Built target minnow_debug
[ 21%] [32m[1mLinking CXX executable recv_special[0m
[ 21%] [32m[1mLinking CXX static library libminnow_sanitized.a[0m
[ 24%] Built target minnow_sanitized
[ 25%] [32m[1mLinking CXX executable byte_stream_basics[0m
[ 27%] Built target recv_special
[ 25%] Built target byte_stream_basics
[ 28%] [32m[1mLinking CXX executable byte_stream_capacity_sanitized[0m
[ 28%] [32m[1mLinking CXX executable byte_stream_capacity[0m
[ 29%] Built target byte_stream_capacity
[ 30%] [32m[1mLinking CXX executable byte_stream_one_write_sanitized[0m
[ 31%] Built target byte_stream_capacity_sanitized
[ 31%] [32m[1mLinking CXX executable byte_stream_one_write[0m
[ 32%] Built target byte_stream_one_write_sanitized
[ 34%] [32m[1mLinking CXX executable byte_stream_two_writes_sanitized[0m
[ 35%] Built target byte_stream_one_write
[ 36%] [32m[1mLinking CXX executable byte_stream_two_writes[0m
[ 36%] Built target byte_stream_two_writes_sanitized
[ 36%] [32m[1mLinking CXX executable byte_stream_many_writes_sanitized[0m
[ 36%] Built target byte_stream_two_writes
[ 37%] [32m[1mLinking CXX executable byte_stream_many_writes[0m
[ 38%] Built target byte_stream_many_writes_sanitized
[ 38%] Built target byte_stream_many_writes
[ 40%] [32m[1mLinking CXX executable byte_stream_stress_test_sanitized[0m
[ 40%] [32m[1mLinking CXX executable byte_stream_stress_test[0m
[ 41%] Built target byte_stream_stress_test
[ 42%] [32m[1mLinking CXX executable reassembler_single_sanitized[0m
[ 43%] Built target byte_stream_stress_test_sanitized
[ 44%] [32m[1mLinking CXX executable reassembler_single[0m
[ 44%] Built target reassembler_single_sanitized
[ 44%] [32m[1mLinking CXX executable reassembler_cap_sanitized[0m
[ 45%] Built target reassembler_single
[ 47%] [32m[1mLinking CXX executable reassembler_cap[0m
[ 48%] Built target reassembler_cap_sanitized
[ 48%] [32m[1mLinking CXX executable reassembler_seq_sanitized[0m
[ 48%] Built target reassembler_cap
[ 48%] [32m[1mLinking CXX executable reassembler_seq[0m
[ 49%] Built target reassembler_seq
[ 50%] [32m[1mLinking CXX executable reassembler_dup_sanitized[0m
[ 51%] Built target reassembler_seq_sanitized
[ 52%] [32m[1mLinking CXX executable reassembler_dup[0m
[ 52%] Built target reassembler_dup_sanitized
[ 52%] [32m[1mLinking CXX executable reassembler_holes_sanitized[0m
[ 54%] Built target reassembler_dup
[ 55%] [32m[1mLinking CXX executable reassembler_holes[0m
[ 56%] Built target reassembler_holes_sanitized
[ 57%] [32m[1mLinking CXX executable reassembler_overlapping_sanitized[0m
[ 57%] Built target reassembler_holes
[ 58%] [32m[1mLinking CXX executable reassembler_overlapping[0m
[ 58%] Built target reassembler_overlapping_sanitized
[ 60%] [32m[1mLinking CXX executable reassembler_win_sanitized[0m
[ 60%] Built target reassembler_win_sanitized
[ 61%] [32m[1mLinking CXX executable reassembler_win[0m
[ 62%] Built target reassembler_overlapping
[ 62%] [32m[1mLinking CXX executable wrapping_integers_cmp_sanitized[0m
[ 63%] Built target reassembler_win
[ 64%] [32m[1mLinking CXX executable wrapping_integers_cmp[0m
[ 65%] Built target wrapping_integers_cmp_sanitized
[ 67%] [32m[1mLinking CXX executable wrapping_integers_wrap_sanitized[0m
[ 67%] Built target wrapping_integers_cmp
[ 67%] [32m[1mLinking CXX executable wrapping_integers_wrap[0m
[ 68%] Built target wrapping_integers_wrap_sanitized
[ 69%] [32m[1mLinking CXX executable wrapping_integers_unwrap_sanitized[0m
[ 70%] Built target wrapping_integers_wrap
[ 71%] [32m[1mLinking CXX executable wrapping_integers_unwrap[0m
[ 72%] Built target wrapping_integers_unwrap
[ 72%] Built target wrapping_integers_unwrap_sanitized
[ 72%] [32m[1mLinking CXX executable wrapping_integers_roundtrip_sanitized[0m
[ 74%] [32m[1mLinking CXX executable wrapping_integers_roundtrip[0m
[ 74%] Built target wrapping_integers_roundtrip
[ 75%] [32m[1mLinking CXX executable wrapping_integers_extra_sanitized[0m
[ 76%] Built target wrapping_integers_roundtrip_sanitized
[ 76%] Built target wrapping_integers_extra_sanitized
[ 77%] [32m[1mLinking CXX executable wrapping_integers_extra[0m
[ 78%] [32m[1mLinking CXX executable recv_connect_sanitized[0m
[ 80%] Built target wrapping_integers_extra
[ 80%] Built target recv_connect_sanitized
[ 81%] [32m[1mLinking CXX executable recv_connect[0m
[ 82%] [32m[1mLinking CXX executable recv_transmit_sanitized[0m
[ 83%] Built target recv_connect
[ 84%] [32m[1mLinking CXX executable recv_transmit[0m
[ 84%] Built target recv_transmit_sanitized
[ 85%] [32m[1mLinking CXX executable recv_window_sanitized[0m
[ 85%] Built target recv_transmit
[ 87%] Built target recv_window_sanitized
[ 87%] [32m[1mLinking CXX executable recv_window[0m
[ 88%] [32m[1mLinking CXX executable recv_reorder_sanitized[0m
[ 89%] Built target recv_window
[ 89%] [32m[1mLinking CXX executable recv_reorder[0m
[ 89%] Built target recv_reorder_sanitized
[ 90%] [32m[1mLinking CXX executable recv_reorder_more_sanitized[0m
[ 91%] Built target recv_reorder_more_sanitized
[ 92%] Built target recv_reorder
[ 92%] [32m[1mLinking CXX executable recv_reorder_more[0m
[ 92%] [32m[1mLinking CXX executable recv_close_sanitized[0m
[ 94%] Built target recv_reorder_more
[ 95%] Built target recv_close_sanitized
[ 96%] [32m[1mLinking CXX executable recv_close[0m
[ 97%] [32m[1mLinking CXX executable recv_special_sanitized[0m
[ 97%] Built target recv_close
[ 98%] [32m[1mLinking CXX executable byte_stream_basics_sanitized[0m
[100%] Built target recv_special_sanitized
[100%] Built target byte_stream_basics_sanitized
[100%] Built target functionality_testing
[  8%] Built target stream_copy
[ 50%] Built target util_debug
[ 83%] Built target minnow_debug
[ 91%] [32m[1mLinking CXX executable webget[0m
[100%] Built target webget
<end of output>
Test time =  19.40 sec
----------------------------------------------------------
Test Passed.
"compile with bug-checkers" end time: Oct 17 00:25 CST
"compile with bug-checkers" time elapsed: 00:00:19
----------------------------------------------------------

3/39 Testing: byte_stream_basics
3/39 Test: byte_stream_basics
Command: "/home/oldking/CS144-2024-winter-backup/build_check2_2/tests/byte_stream_basics_sanitized"
Directory: /home/oldking/CS144-2024-winter-backup/build_check2_2
"byte_stream_basics" start time: Oct 17 00:25 CST
Output:
----------------------------------------------------------
<end of output>
Test time =   0.02 sec
----------------------------------------------------------
Test Passed.
"byte_stream_basics" end time: Oct 17 00:25 CST
"byte_stream_basics" time elapsed: 00:00:00
----------------------------------------------------------

4/39 Testing: byte_stream_capacity
4/39 Test: byte_stream_capacity
Command: "/home/oldking/CS144-2024-winter-backup/build_check2_2/tests/byte_stream_capacity_sanitized"
Directory: /home/oldking/CS144-2024-winter-backup/build_check2_2
"byte_stream_capacity" start time: Oct 17 00:25 CST
Output:
----------------------------------------------------------
<end of output>
Test time =   0.03 sec
----------------------------------------------------------
Test Passed.
"byte_stream_capacity" end time: Oct 17 00:25 CST
"byte_stream_capacity" time elapsed: 00:00:00
----------------------------------------------------------

5/39 Testing: byte_stream_one_write
5/39 Test: byte_stream_one_write
Command: "/home/oldking/CS144-2024-winter-backup/build_check2_2/tests/byte_stream_one_write_sanitized"
Directory: /home/oldking/CS144-2024-winter-backup/build_check2_2
"byte_stream_one_write" start time: Oct 17 00:25 CST
Output:
----------------------------------------------------------
<end of output>
Test time =   0.02 sec
----------------------------------------------------------
Test Passed.
"byte_stream_one_write" end time: Oct 17 00:25 CST
"byte_stream_one_write" time elapsed: 00:00:00
----------------------------------------------------------

6/39 Testing: byte_stream_two_writes
6/39 Test: byte_stream_two_writes
Command: "/home/oldking/CS144-2024-winter-backup/build_check2_2/tests/byte_stream_two_writes_sanitized"
Directory: /home/oldking/CS144-2024-winter-backup/build_check2_2
"byte_stream_two_writes" start time: Oct 17 00:25 CST
Output:
----------------------------------------------------------
<end of output>
Test time =   0.02 sec
----------------------------------------------------------
Test Passed.
"byte_stream_two_writes" end time: Oct 17 00:25 CST
"byte_stream_two_writes" time elapsed: 00:00:00
----------------------------------------------------------

7/39 Testing: byte_stream_many_writes
7/39 Test: byte_stream_many_writes
Command: "/home/oldking/CS144-2024-winter-backup/build_check2_2/tests/byte_stream_many_writes_sanitized"
Directory: /home/oldking/CS144-2024-winter-backup/build_check2_2
"byte_stream_many_writes" start time: Oct 17 00:25 CST
Output:
----------------------------------------------------------
<end of output>
Test time =   0.10 sec
----------------------------------------------------------
Test Passed.
"byte_stream_many_writes" end time: Oct 17 00:25 CST
"byte_stream_many_writes" time elapsed: 00:00:00
----------------------------------------------------------

8/39 Testing: byte_stream_stress_test
8/39 Test: byte_stream_stress_test
Command: "/home/oldking/CS144-2024-winter-backup/build_check2_2/tests/byte_stream_stress_test_sanitized"
Directory: /home/oldking/CS144-2024-winter-backup/build_check2_2
"byte_stream_stress_test" start time: Oct 17 00:25 CST
Output:
----------------------------------------------------------
<end of output>
Test time =   0.05 sec
----------------------------------------------------------
Test Passed.
"byte_stream_stress_test" end time: Oct 17 00:25 CST
"byte_stream_stress_test" time elapsed: 00:00:00
----------------------------------------------------------

9/39 Testing: reassembler_single
9/39 Test: reassembler_single
Command: "/home/oldking/CS144-2024-winter-backup/build_check2_2/tests/reassembler_single_sanitized"
Directory: /home/oldking/CS144-2024-winter-backup/build_check2_2
"reassembler_single" start time: Oct 17 00:25 CST
Output:
----------------------------------------------------------







<end of output>
Test time =   0.05 sec
----------------------------------------------------------
Test Passed.
"reassembler_single" end time: Oct 17 00:25 CST
"reassembler_single" time elapsed: 00:00:00
----------------------------------------------------------

10/39 Testing: reassembler_cap
10/39 Test: reassembler_cap
Command: "/home/oldking/CS144-2024-winter-backup/build_check2_2/tests/reassembler_cap_sanitized"
Directory: /home/oldking/CS144-2024-winter-backup/build_check2_2
"reassembler_cap" start time: Oct 17 00:25 CST
Output:
----------------------------------------------------------





















<end of output>
Test time =   0.04 sec
----------------------------------------------------------
Test Passed.
"reassembler_cap" end time: Oct 17 00:25 CST
"reassembler_cap" time elapsed: 00:00:00
----------------------------------------------------------

11/39 Testing: reassembler_seq
11/39 Test: reassembler_seq
Command: "/home/oldking/CS144-2024-winter-backup/build_check2_2/tests/reassembler_seq_sanitized"
Directory: /home/oldking/CS144-2024-winter-backup/build_check2_2
"reassembler_seq" start time: Oct 17 00:25 CST
Output:
----------------------------------------------------------














































































































































































































<end of output>
Test time =   0.06 sec
----------------------------------------------------------
Test Passed.
"reassembler_seq" end time: Oct 17 00:25 CST
"reassembler_seq" time elapsed: 00:00:00
----------------------------------------------------------

12/39 Testing: reassembler_dup
12/39 Test: reassembler_dup
Command: "/home/oldking/CS144-2024-winter-backup/build_check2_2/tests/reassembler_dup_sanitized"
Directory: /home/oldking/CS144-2024-winter-backup/build_check2_2
"reassembler_dup" start time: Oct 17 00:25 CST
Output:
----------------------------------------------------------

























































































































<end of output>
Test time =   0.08 sec
----------------------------------------------------------
Test Passed.
"reassembler_dup" end time: Oct 17 00:25 CST
"reassembler_dup" time elapsed: 00:00:00
----------------------------------------------------------

13/39 Testing: reassembler_holes
13/39 Test: reassembler_holes
Command: "/home/oldking/CS144-2024-winter-backup/build_check2_2/tests/reassembler_holes_sanitized"
Directory: /home/oldking/CS144-2024-winter-backup/build_check2_2
"reassembler_holes" start time: Oct 17 00:25 CST
Output:
----------------------------------------------------------








<end of output>
Test time =   0.02 sec
----------------------------------------------------------
Test Passed.
"reassembler_holes" end time: Oct 17 00:25 CST
"reassembler_holes" time elapsed: 00:00:00
----------------------------------------------------------

14/39 Testing: reassembler_overlapping
14/39 Test: reassembler_overlapping
Command: "/home/oldking/CS144-2024-winter-backup/build_check2_2/tests/reassembler_overlapping_sanitized"
Directory: /home/oldking/CS144-2024-winter-backup/build_check2_2
"reassembler_overlapping" start time: Oct 17 00:25 CST
Output:
----------------------------------------------------------



















<end of output>
Test time =   0.03 sec
----------------------------------------------------------
Test Passed.
"reassembler_overlapping" end time: Oct 17 00:25 CST
"reassembler_overlapping" time elapsed: 00:00:00
----------------------------------------------------------

15/39 Testing: reassembler_win
15/39 Test: reassembler_win
Command: "/home/oldking/CS144-2024-winter-backup/build_check2_2/tests/reassembler_win_sanitized"
Directory: /home/oldking/CS144-2024-winter-backup/build_check2_2
"reassembler_win" start time: Oct 17 00:25 CST
Output:
----------------------------------------------------------












































































































































































































































































































































































































































































































































































































































































































































































































































































































































































































































































































































































































































































































































































































































































































































































































































































































































































































































































































































































































































































































































































































































































































































































































































































<end of output>
Test time =   1.92 sec
----------------------------------------------------------
Test Passed.
"reassembler_win" end time: Oct 17 00:25 CST
"reassembler_win" time elapsed: 00:00:01
----------------------------------------------------------

16/39 Testing: wrapping_integers_cmp
16/39 Test: wrapping_integers_cmp
Command: "/home/oldking/CS144-2024-winter-backup/build_check2_2/tests/wrapping_integers_cmp_sanitized"
Directory: /home/oldking/CS144-2024-winter-backup/build_check2_2
"wrapping_integers_cmp" start time: Oct 17 00:25 CST
Output:
----------------------------------------------------------
<end of output>
Test time =   0.04 sec
----------------------------------------------------------
Test Passed.
"wrapping_integers_cmp" end time: Oct 17 00:25 CST
"wrapping_integers_cmp" time elapsed: 00:00:00
----------------------------------------------------------

17/39 Testing: wrapping_integers_wrap
17/39 Test: wrapping_integers_wrap
Command: "/home/oldking/CS144-2024-winter-backup/build_check2_2/tests/wrapping_integers_wrap_sanitized"
Directory: /home/oldking/CS144-2024-winter-backup/build_check2_2
"wrapping_integers_wrap" start time: Oct 17 00:25 CST
Output:
----------------------------------------------------------
<end of output>
Test time =   0.02 sec
----------------------------------------------------------
Test Passed.
"wrapping_integers_wrap" end time: Oct 17 00:25 CST
"wrapping_integers_wrap" time elapsed: 00:00:00
----------------------------------------------------------

18/39 Testing: wrapping_integers_unwrap
18/39 Test: wrapping_integers_unwrap
Command: "/home/oldking/CS144-2024-winter-backup/build_check2_2/tests/wrapping_integers_unwrap_sanitized"
Directory: /home/oldking/CS144-2024-winter-backup/build_check2_2
"wrapping_integers_unwrap" start time: Oct 17 00:25 CST
Output:
----------------------------------------------------------
<end of output>
Test time =   0.02 sec
----------------------------------------------------------
Test Passed.
"wrapping_integers_unwrap" end time: Oct 17 00:25 CST
"wrapping_integers_unwrap" time elapsed: 00:00:00
----------------------------------------------------------

19/39 Testing: wrapping_integers_roundtrip
19/39 Test: wrapping_integers_roundtrip
Command: "/home/oldking/CS144-2024-winter-backup/build_check2_2/tests/wrapping_integers_roundtrip_sanitized"
Directory: /home/oldking/CS144-2024-winter-backup/build_check2_2
"wrapping_integers_roundtrip" start time: Oct 17 00:25 CST
Output:
----------------------------------------------------------
<end of output>
Test time =   3.06 sec
----------------------------------------------------------
Test Passed.
"wrapping_integers_roundtrip" end time: Oct 17 00:25 CST
"wrapping_integers_roundtrip" time elapsed: 00:00:03
----------------------------------------------------------

20/39 Testing: wrapping_integers_extra
20/39 Test: wrapping_integers_extra
Command: "/home/oldking/CS144-2024-winter-backup/build_check2_2/tests/wrapping_integers_extra_sanitized"
Directory: /home/oldking/CS144-2024-winter-backup/build_check2_2
"wrapping_integers_extra" start time: Oct 17 00:25 CST
Output:
----------------------------------------------------------
<end of output>
Test time =   1.22 sec
----------------------------------------------------------
Test Passed.
"wrapping_integers_extra" end time: Oct 17 00:25 CST
"wrapping_integers_extra" time elapsed: 00:00:01
----------------------------------------------------------

21/39 Testing: recv_connect
21/39 Test: recv_connect
Command: "/home/oldking/CS144-2024-winter-backup/build_check2_2/tests/recv_connect_sanitized"
Directory: /home/oldking/CS144-2024-winter-backup/build_check2_2
"recv_connect" start time: Oct 17 00:25 CST
Output:
----------------------------------------------------------



<end of output>
Test time =   0.07 sec
----------------------------------------------------------
Test Passed.
"recv_connect" end time: Oct 17 00:25 CST
"recv_connect" time elapsed: 00:00:00
----------------------------------------------------------

22/39 Testing: recv_transmit
22/39 Test: recv_transmit
Command: "/home/oldking/CS144-2024-winter-backup/build_check2_2/tests/recv_transmit_sanitized"
Directory: /home/oldking/CS144-2024-winter-backup/build_check2_2
"recv_transmit" start time: Oct 17 00:25 CST
Output:
----------------------------------------------------------






























































































































































































































































































































































































































































































































































































































































































































































































































































































































































































































































































































































































































































































































































































































































































































































































































































































































































































































































































































































































































































































































































































































































































































































































































































































































































































































































































































































































































































































































































































































































































































































































































































































































































































































































































































































































































































































































































































































































































































































































































































































































































































































































































































































































































































































































































































































































































































































































































































































































































































































































































































































































































































































































































































































































































































































































































































































































































































































































































































































































































































































































































































































































































































































































































































































































































































































































































































































































































































































































































































































































































































































































































































































































































































































































































































































































































































































































































































































































































































































































































































































































































































































































































































































































































































































































































































































































































































































































































































































































































































































































































































































































































































































































































































































































































































































































































































































































































































































































































































































































































































































































































































































































































































































































































































































































<end of output>
Test time =   1.34 sec
----------------------------------------------------------
Test Passed.
"recv_transmit" end time: Oct 17 00:25 CST
"recv_transmit" time elapsed: 00:00:01
----------------------------------------------------------

23/39 Testing: recv_window
23/39 Test: recv_window
Command: "/home/oldking/CS144-2024-winter-backup/build_check2_2/tests/recv_window_sanitized"
Directory: /home/oldking/CS144-2024-winter-backup/build_check2_2
"recv_window" start time: Oct 17 00:25 CST
Output:
----------------------------------------------------------




















<end of output>
Test time =   0.03 sec
----------------------------------------------------------
Test Passed.
"recv_window" end time: Oct 17 00:25 CST
"recv_window" time elapsed: 00:00:00
----------------------------------------------------------

24/39 Testing: recv_reorder
24/39 Test: recv_reorder
Command: "/home/oldking/CS144-2024-winter-backup/build_check2_2/tests/recv_reorder_sanitized"
Directory: /home/oldking/CS144-2024-winter-backup/build_check2_2
"recv_reorder" start time: Oct 17 00:25 CST
Output:
----------------------------------------------------------









<end of output>
Test time =   0.03 sec
----------------------------------------------------------
Test Passed.
"recv_reorder" end time: Oct 17 00:25 CST
"recv_reorder" time elapsed: 00:00:00
----------------------------------------------------------

25/39 Testing: recv_reorder_more
25/39 Test: recv_reorder_more
Command: "/home/oldking/CS144-2024-winter-backup/build_check2_2/tests/recv_reorder_more_sanitized"
Directory: /home/oldking/CS144-2024-winter-backup/build_check2_2
"recv_reorder_more" start time: Oct 17 00:25 CST
Output:
----------------------------------------------------------












































































































































































































































































































































































































































































































































<end of output>
Test time =   3.21 sec
----------------------------------------------------------
Test Passed.
"recv_reorder_more" end time: Oct 17 00:25 CST
"recv_reorder_more" time elapsed: 00:00:03
----------------------------------------------------------

26/39 Testing: recv_close
26/39 Test: recv_close
Command: "/home/oldking/CS144-2024-winter-backup/build_check2_2/tests/recv_close_sanitized"
Directory: /home/oldking/CS144-2024-winter-backup/build_check2_2
"recv_close" start time: Oct 17 00:25 CST
Output:
----------------------------------------------------------




<end of output>
Test time =   0.04 sec
----------------------------------------------------------
Test Passed.
"recv_close" end time: Oct 17 00:25 CST
"recv_close" time elapsed: 00:00:00
----------------------------------------------------------

27/39 Testing: recv_special
27/39 Test: recv_special
Command: "/home/oldking/CS144-2024-winter-backup/build_check2_2/tests/recv_special_sanitized"
Directory: /home/oldking/CS144-2024-winter-backup/build_check2_2
"recv_special" start time: Oct 17 00:25 CST
Output:
----------------------------------------------------------






























<end of output>
Test time =   0.07 sec
----------------------------------------------------------
Test Passed.
"recv_special" end time: Oct 17 00:25 CST
"recv_special" time elapsed: 00:00:00
----------------------------------------------------------

37/39 Testing: compile with optimization
37/39 Test: compile with optimization
Command: "/usr/bin/cmake" "--build" "/home/oldking/CS144-2024-winter-backup/build_check2_2" "-t" "speed_testing"
Directory: /home/oldking/CS144-2024-winter-backup/build_check2_2
"compile with optimization" start time: Oct 17 00:25 CST
Output:
----------------------------------------------------------
make[4]: warning: -j2 forced in submake: resetting jobserver mode.
[ 10%] [32mBuilding CXX object src/CMakeFiles/minnow_optimized.dir/tcp_receiver.cc.o[0m
[ 60%] Built target util_optimized
[ 60%] [32m[1mLinking CXX static library libminnow_optimized.a[0m
[ 80%] Built target minnow_optimized
[ 80%] [32m[1mLinking CXX executable reassembler_speed_test[0m
[ 90%] [32m[1mLinking CXX executable byte_stream_speed_test[0m
[100%] Built target reassembler_speed_test
[100%] Built target byte_stream_speed_test
[100%] Built target speed_testing
<end of output>
Test time =   2.65 sec
----------------------------------------------------------
Test Passed.
"compile with optimization" end time: Oct 17 00:25 CST
"compile with optimization" time elapsed: 00:00:02
----------------------------------------------------------

38/39 Testing: byte_stream_speed_test
38/39 Test: byte_stream_speed_test
Command: "/home/oldking/CS144-2024-winter-backup/build_check2_2/tests/byte_stream_speed_test"
Directory: /home/oldking/CS144-2024-winter-backup/build_check2_2
"byte_stream_speed_test" start time: Oct 17 00:25 CST
Output:
----------------------------------------------------------
ByteStream with capacity=32768, write_size=1500, read_size=128 reached 2.27 Gbit/s.
<end of output>
Test time =   0.34 sec
----------------------------------------------------------
Test Passed.
"byte_stream_speed_test" end time: Oct 17 00:25 CST
"byte_stream_speed_test" time elapsed: 00:00:00
----------------------------------------------------------

39/39 Testing: reassembler_speed_test
39/39 Test: reassembler_speed_test
Command: "/home/oldking/CS144-2024-winter-backup/build_check2_2/tests/reassembler_speed_test"
Directory: /home/oldking/CS144-2024-winter-backup/build_check2_2
"reassembler_speed_test" start time: Oct 17 00:25 CST
Output:
----------------------------------------------------------









































































































































































































































































































































































































































































































































































































































































































































































































































































































































































































































































































































































































































































































































































































































































































































































































































































































































































































































































































































































































































































































































































































































































































































































































































































































































































































































































































































































































































































































































































































































































































































































































































































































































































































































































































































































































































































































































































































































































































































































































































































































































































































































































































































































































































































































































































































































































































































































































































































































































































































































































































































































































































































































































































































































































































































































































































































































































































































































































































































































































































































































































































































































































































































































































































































































































































































































































































































































































































































































































































































































































































































































































































































































































































































































































































































































































































































































































































































































































































































































































































































































































































































































































































































































































































































































































































































































































































































































































































































































































































































































































































































































































































































































































































































































































































































































































































































































































































































































































































































































































































































































































































































































































































































































































































































































































































































































































































































































































































































































































































































































































































































































































































































































































































































































































































































































































































































































































































































































































































































































































































































































































































































































































































































































































































































































































































































































































































































































































































































































































































































































































































































































































































































































































































































































































































































































































































































































































































































































































































































































































































































































































































































































































































































































































































































































































































































































































































































































































































































































































































































































































































































































































































































































































































































































































































































































































































































































































































































































































































































































































































































































































































































































































































































































































































































































































































































































































































































































































































































































































































































































































































































































































































































































































































































































































































































































































































































































































































































































































































































































































































































































































































































































































































































































































































































































































































































































































































































































































































































































































































































































































































































































































































































































































































































































































































































































































































































































































































































































































































































































































































































































































































































































































































































































































































































































































































































































































































































































































































Reassembler to ByteStream with capacity=1500 reached 0.73 Gbit/s.
<end of output>
Test time =   0.68 sec
----------------------------------------------------------
Test Passed.
"reassembler_speed_test" end time: Oct 17 00:25 CST
"reassembler_speed_test" time elapsed: 00:00:00
----------------------------------------------------------

End testing: Oct 17 00:25 CST
